<?xml version="1.0" encoding="UTF-8"?>
<!-- Generated by org.testng.reporters.JUnitXMLReporter -->
<testsuite ignored="6" hostname="DESKTOP-GFKKN7N" failures="2" tests="115" name="Test_Suite_Motoserve_UAT" time="599.907" errors="0" timestamp="2024-12-18T09:38:26 ICT">
  <testcase classname="com.easyserv.testcases.Motoserve.SignUpTest" name="SignUpTest_TC001" time="2.778"/>
  <testcase classname="com.easyserv.testcases.Motoserve.SignUpTest" name="SignUpTest_TC002" time="1.855"/>
  <testcase classname="com.easyserv.testcases.Motoserve.SignUpTest" name="SignUpTest_TC003" time="1.747"/>
  <testcase classname="com.easyserv.testcases.Motoserve.SignUpTest" name="SignUpTest_TC004" time="1.841"/>
  <testcase classname="com.easyserv.testcases.Motoserve.SignUpTest" name="SignUpTest_TC005" time="1.656"/>
  <testcase classname="com.easyserv.testcases.Motoserve.SignUpTest" name="SignUpTest_TC006" time="1.495"/>
  <testcase classname="com.easyserv.testcases.Motoserve.SignUpTest" name="SignUpTest_TC007" time="2.284"/>
  <testcase classname="com.easyserv.testcases.Motoserve.SignUpTest" name="SignUpTest_TC008" time="5.666"/>
  <testcase classname="com.easyserv.testcases.Motoserve.SignUpTest" name="SignUpTest_TC009" time="4.16"/>
  <testcase classname="com.easyserv.testcases.Motoserve.SignUpTest" name="SignUpTest_TC010" time="4.987"/>
  <testcase classname="com.easyserv.testcases.Motoserve.SignUpTest" name="SignUpTest_TC011" time="6.221"/>
  <testcase classname="com.easyserv.testcases.Motoserve.SignUpTest" name="SignUpTest_TC012" time="2.257"/>
  <testcase classname="com.easyserv.testcases.Motoserve.SignUpTest" name="SignUpTest_TC013" time="4.968"/>
  <testcase classname="com.easyserv.testcases.Motoserve.SignUpTest" name="SignUpTest_TC014" time="6.839"/>
  <testcase classname="com.easyserv.testcases.Motoserve.SignUpTest" name="SignUpTest_TC015" time="5.711"/>
  <testcase classname="com.easyserv.testcases.Motoserve.SignUpTest" name="SignUpTest_TC016" time="6.036"/>
  <testcase classname="com.easyserv.testcases.Motoserve.SignUpTest" name="SignUpTest_TC017" time="4.023"/>
  <testcase classname="com.easyserv.testcases.Motoserve.SignUpTest" name="SignUpTest_TC018" time="3.922"/>
  <testcase classname="com.easyserv.testcases.Motoserve.SignUpTest" name="SignUpTest_TC019" time="4.048"/>
  <testcase classname="com.easyserv.testcases.Motoserve.SignUpTest" name="SignUpTest_TC019" time="3.701"/>
  <testcase classname="com.easyserv.testcases.Motoserve.SignUpTest" name="SignUpTest_TC019" time="3.136"/>
  <testcase classname="com.easyserv.testcases.Motoserve.SignUpTest" name="SignUpTest_TC019" time="3.212"/>
  <testcase classname="com.easyserv.testcases.Motoserve.SignUpTest" name="SignUpTest_TC019" time="3.741"/>
  <testcase classname="com.easyserv.testcases.Motoserve.SignUpTest" name="SignUpTest_TC019" time="3.641"/>
  <testcase classname="com.easyserv.testcases.Motoserve.ResetPasswordTest" name="ResetPasswordTest_TC001" time="4.045"/>
  <testcase classname="com.easyserv.testcases.Motoserve.ResetPasswordTest" name="ResetPasswordTest_TC002" time="4.289"/>
  <testcase classname="com.easyserv.testcases.Motoserve.ResetPasswordTest" name="ResetPasswordTest_TC003" time="4.082"/>
  <testcase classname="com.easyserv.testcases.Motoserve.ResetPasswordTest" name="ResetPasswordTest_TC004" time="4.076"/>
  <testcase classname="com.easyserv.testcases.Motoserve.ResetPasswordTest" name="ResetPasswordTest_TC005" time="3.886"/>
  <testcase classname="com.easyserv.testcases.Motoserve.ResetPasswordTest" name="ResetPasswordTest_TC006" time="4.832"/>
  <testcase classname="com.easyserv.testcases.Motoserve.ResetPasswordTest" name="ResetPasswordTest_TC007" time="4.026"/>
  <testcase classname="com.easyserv.testcases.Motoserve.ResetPasswordTest" name="ResetPasswordTest_TC008" time="4.598"/>
  <testcase classname="com.easyserv.testcases.Motoserve.ResetPasswordTest" name="ResetPasswordTest_TC009" time="4.886"/>
  <testcase classname="com.easyserv.testcases.Motoserve.ResetPasswordTest" name="ResetPasswordTest_TC010" time="5.86"/>
  <testcase classname="com.easyserv.testcases.Motoserve.ResetPasswordTest" name="ResetPasswordTest_TC011" time="5.192"/>
  <testcase classname="com.easyserv.testcases.Motoserve.ResetPasswordTest" name="ResetPasswordTest_TC012" time="24.576"/>
  <testcase classname="com.easyserv.testcases.Motoserve.ResetPasswordTest" name="ResetPasswordTest_TC013" time="3.977"/>
  <testcase classname="com.easyserv.testcases.Motoserve.ResetPasswordTest" name="ResetPasswordTest_TC014" time="4.314"/>
  <testcase classname="com.easyserv.testcases.Motoserve.ResetPasswordTest" name="ResetPasswordTest_TC015" time="2.716"/>
  <testcase classname="com.easyserv.testcases.Motoserve.ResetPasswordTest" name="ResetPasswordTest_TC015" time="2.435"/>
  <testcase classname="com.easyserv.testcases.Motoserve.ResetPasswordTest" name="ResetPasswordTest_TC015" time="2.736"/>
  <testcase classname="com.easyserv.testcases.Motoserve.ResetPasswordTest" name="ResetPasswordTest_TC015" time="2.409"/>
  <testcase classname="com.easyserv.testcases.Motoserve.ResetPasswordTest" name="ResetPasswordTest_TC016" time="3.002"/>
  <testcase classname="com.easyserv.testcases.Motoserve.ResetPasswordTest" name="ResetPasswordTest_TC017" time="2.885"/>
  <testcase classname="com.easyserv.testcases.Motoserve.ResetPasswordTest" name="ResetPasswordTest_TC018" time="2.587"/>
  <testcase classname="com.easyserv.testcases.Motoserve.ResetPasswordTest" name="ResetPasswordTest_TC018" time="2.791"/>
  <testcase classname="com.easyserv.testcases.Motoserve.ResetPasswordTest" name="ResetPasswordTest_TC018" time="2.563"/>
  <testcase classname="com.easyserv.testcases.Motoserve.ResetPasswordTest" name="ResetPasswordTest_TC018" time="2.557"/>
  <testcase classname="com.easyserv.testcases.Motoserve.ResetPasswordTest" name="ResetPasswordTest_TC019" time="3.782"/>
  <testcase classname="com.easyserv.testcases.Motoserve.ResetPasswordTest" name="ResetPasswordTest_TC020" time="3.652"/>
  <testcase classname="com.easyserv.testcases.Motoserve.ResetPasswordTest" name="ResetPasswordTest_TC021" time="3.483"/>
  <testcase classname="com.easyserv.testcases.Motoserve.ResetPasswordTest" name="ResetPasswordTest_TC022" time="3.221"/>
  <testcase classname="com.easyserv.testcases.Motoserve.ResetPasswordTest" name="ResetPasswordTest_TC023" time="3.055"/>
  <testcase classname="com.easyserv.testcases.Motoserve.ResetPasswordTest" name="ResetPasswordTest_TC024" time="5.946"/>
  <testcase classname="com.easyserv.testcases.Motoserve.ResetPasswordTest" name="ResetPasswordTest_TC025" time="5.597"/>
  <testcase classname="com.easyserv.testcases.Motoserve.EnquiriesTest" name="EnquiriesTest_TC001" time="1.413"/>
  <testcase classname="com.easyserv.testcases.Motoserve.EnquiriesTest" name="EnquiriesTest_TC002" time="2.872"/>
  <testcase classname="com.easyserv.testcases.Motoserve.EnquiriesTest" name="EnquiriesTest_TC003" time="1.58"/>
  <testcase classname="com.easyserv.testcases.Motoserve.EnquiriesTest" name="EnquiriesTest_TC004" time="2.445"/>
  <testcase classname="com.easyserv.testcases.Motoserve.EnquiriesTest" name="EnquiriesTest_TC005" time="3.41"/>
  <testcase classname="com.easyserv.testcases.Motoserve.EnquiriesTest" name="EnquiriesTest_TC006" time="4.979"/>
  <testcase classname="com.easyserv.testcases.Motoserve.EnquiriesTest" name="EnquiriesTest_TC007" time="6.275"/>
  <testcase classname="com.easyserv.testcases.Motoserve.EnquiriesTest" name="EnquiriesTest_TC007" time="6.038"/>
  <testcase classname="com.easyserv.testcases.Motoserve.EnquiriesTest" name="EnquiriesTest_TC007" time="6.323"/>
  <testcase classname="com.easyserv.testcases.Motoserve.EnquiriesTest" name="EnquiriesTest_TC007" time="6.15"/>
  <testcase classname="com.easyserv.testcases.Motoserve.EnquiriesTest" name="EnquiriesTest_TC007" time="5.8"/>
  <testcase classname="com.easyserv.testcases.Motoserve.EnquiriesTest" name="EnquiriesTest_TC008" time="4.676"/>
  <testcase classname="com.easyserv.testcases.Motoserve.EnquiriesTest" name="EnquiriesTest_TC009" time="4.867"/>
  <testcase classname="com.easyserv.testcases.Motoserve.EnquiriesTest" name="EnquiriesTest_TC010" time="4.696"/>
  <testcase classname="com.easyserv.testcases.Motoserve.EnquiriesTest" name="EnquiriesTest_TC011" time="4.681"/>
  <testcase classname="com.easyserv.testcases.Motoserve.EnquiriesTest" name="EnquiriesTest_TC012" time="4.809"/>
  <testcase classname="com.easyserv.testcases.Motoserve.EnquiriesTest" name="EnquiriesTest_TC013" time="2.107"/>
  <testcase classname="com.easyserv.testcases.Motoserve.EnquiriesTest" name="EnquiriesTest_TC014" time="2.066"/>
  <testcase classname="com.easyserv.testcases.Motoserve.EnquiriesTest" name="EnquiriesTest_TC015" time="1.829"/>
  <testcase classname="com.easyserv.testcases.Motoserve.EnquiriesTest" name="EnquiriesTest_TC016" time="1.688"/>
  <testcase classname="com.easyserv.testcases.Motoserve.EnquiriesTest" name="EnquiriesTest_TC017" time="1.577"/>
  <testcase classname="com.easyserv.testcases.Motoserve.EnquiriesTest" name="EnquiriesTest_TC017" time="1.625"/>
  <testcase classname="com.easyserv.testcases.Motoserve.EnquiriesTest" name="EnquiriesTest_TC017" time="1.515"/>
  <testcase classname="com.easyserv.testcases.Motoserve.EnquiriesTest" name="EnquiriesTest_TC017" time="1.55"/>
  <testcase classname="com.easyserv.testcases.Motoserve.EnquiriesTest" name="EnquiriesTest_TC017" time="1.548"/>
  <testcase classname="com.easyserv.testcases.Motoserve.EnquiriesTest" name="EnquiriesTest_TC017" time="1.465"/>
  <testcase classname="com.easyserv.testcases.Motoserve.EnquiriesTest" name="EnquiriesTest_TC017" time="1.563"/>
  <testcase classname="com.easyserv.testcases.Motoserve.EnquiriesTest" name="EnquiriesTest_TC017" time="1.479"/>
  <testcase classname="com.easyserv.testcases.Motoserve.EnquiriesTest" name="EnquiriesTest_TC017" time="1.702"/>
  <testcase classname="com.easyserv.testcases.Motoserve.EnquiriesTest" name="EnquiriesTest_TC017" time="1.686"/>
  <testcase classname="com.easyserv.testcases.Motoserve.EnquiriesTest" name="EnquiriesTest_TC018" time="2.746"/>
  <testcase classname="com.easyserv.testcases.Motoserve.EnquiriesTest" name="EnquiriesTest_TC018" time="2.819"/>
  <testcase classname="com.easyserv.testcases.Motoserve.EnquiriesTest" name="EnquiriesTest_TC018" time="3.892"/>
  <testcase classname="com.easyserv.testcases.Motoserve.EnquiriesTest" name="EnquiriesTest_TC018" time="2.739"/>
  <testcase classname="com.easyserv.testcases.Motoserve.EnquiriesTest" name="EnquiriesTest_TC018" time="3.216"/>
  <testcase classname="com.easyserv.testcases.Motoserve.EnquiriesTest" name="EnquiriesTest_TC018" time="2.778"/>
  <testcase classname="com.easyserv.testcases.Motoserve.EnquiriesTest" name="EnquiriesTest_TC019" time="1.692"/>
  <testcase classname="com.easyserv.testcases.Motoserve.LoginTest" name="LoginTest_TC001" time="1.554"/>
  <testcase classname="com.easyserv.testcases.Motoserve.LoginTest" name="LoginTest_TC002" time="1.779"/>
  <testcase classname="com.easyserv.testcases.Motoserve.LoginTest" name="LoginTest_TC003" time="1.716"/>
  <testcase classname="com.easyserv.testcases.Motoserve.LoginTest" name="LoginTest_TC004" time="3.13">
    <failure type="java.lang.AssertionError" message="expected [Login successful] but found [Your User Name and Password combination is not correct. Please try again]">
      <![CDATA[java.lang.AssertionError: expected [Login successful] but found [Your User Name and Password combination is not correct. Please try again]
at com.easyserv.testcases.Motoserve.LoginTest.LoginTest_TC004(LoginTest.java:46)
at java.base/java.util.ArrayList.forEach(ArrayList.java:1511)
... Removed 35 stack frames]]>
    </failure>
  </testcase> <!-- LoginTest_TC004 -->
  <testcase classname="com.easyserv.testcases.Motoserve.LoginTest" name="LoginTest_TC005" time="2.542"/>
  <testcase classname="com.easyserv.testcases.Motoserve.LoginTest" name="LoginTest_TC006" time="2.069"/>
  <testcase classname="com.easyserv.testcases.Motoserve.LoginTest" name="LoginTest_TC007" time="1.785"/>
  <testcase classname="com.easyserv.testcases.Motoserve.LoginTest" name="LoginTest_TC008" time="2.684"/>
  <testcase classname="com.easyserv.testcases.Motoserve.LoginTest" name="LoginTest_TC009" time="2.406"/>
  <testcase classname="com.easyserv.testcases.Motoserve.LoginTest" name="LoginTest_TC010" time="2.296"/>
  <testcase classname="com.easyserv.testcases.Motoserve.LoginTest" name="LoginTest_TC011" time="2.18"/>
  <testcase classname="com.easyserv.testcases.Motoserve.LoginTest" name="LoginTest_TC011" time="2.172"/>
  <testcase classname="com.easyserv.testcases.Motoserve.LoginTest" name="LoginTest_TC011" time="2.144"/>
  <testcase classname="com.easyserv.testcases.Motoserve.LoginTest" name="LoginTest_TC011" time="2.315"/>
  <testcase classname="com.easyserv.testcases.Motoserve.LoginTest" name="LoginTest_TC011" time="2.283"/>
  <testcase classname="com.easyserv.testcases.Motoserve.LoginTest" name="LoginTest_TC012" time="2.552"/>
  <testcase classname="com.easyserv.testcases.Motoserve.LoginTest" name="LoginTest_TC013" time="4.938"/>
  <testcase classname="com.easyserv.testcases.Motoserve.LoginTest" name="LoginTest_TC013" time="4.605"/>
  <testcase classname="com.easyserv.testcases.Motoserve.LoginTest" name="LoginTest_TC013" time="4.414"/>
  <testcase classname="com.easyserv.testcases.Motoserve.LoginTest" name="LoginTest_TC013" time="4.772"/>
  <testcase classname="com.easyserv.testcases.Motoserve.LoginTest" name="LoginTest_TC014" time="2.36"/>
  <testcase classname="com.easyserv.testcases.Motoserve.LoginTest" name="LoginTest_TC015" time="2.137"/>
  <testcase classname="com.easyserv.testcases.Motoserve.LoginTest" name="LoginTest_TC016" time="23.417">
    <failure type="org.openqa.selenium.TimeoutException" message="Expected condition failed: waiting for element to be clickable: By.xpath: //span[contains(text(),&amp;apos;Confirm your vehicle&amp;apos;)] (tried for 15 second(s) with 500 milliseconds interval)
Build info: version: &amp;apos;4.7.2&amp;apos;, revision: &amp;apos;4d4020c3b7&amp;apos;
System info: os.name: &amp;apos;Windows 11&amp;apos;, os.arch: &amp;apos;amd64&amp;apos;, os.version: &amp;apos;10.0&amp;apos;, java.version: &amp;apos;19&amp;apos;
Driver info: org.openqa.selenium.chrome.ChromeDriver
Capabilities {acceptInsecureCerts: false, browserName: chrome, browserVersion: 131.0.6778.140, chrome: {chromedriverVersion: 131.0.6778.85 (3d81e41b6f3a..., userDataDir: C:\WINDOWS\SystemTemp\scope...}, fedcm:accounts: true, goog:chromeOptions: {debuggerAddress: localhost:57107}, networkConnectionEnabled: false, pageLoadStrategy: normal, platformName: WINDOWS, proxy: Proxy(), se:cdp: ws://localhost:57107/devtoo..., se:cdpVersion: 131.0.6778.140, setWindowRect: true, strictFileInteractability: false, timeouts: {implicit: 0, pageLoad: 300000, script: 30000}, unhandledPromptBehavior: dismiss and notify, webauthn:extension:credBlob: true, webauthn:extension:largeBlob: true, webauthn:extension:minPinLength: true, webauthn:extension:prf: true, webauthn:virtualAuthenticators: true}
Session ID: 5bf5cca913ee3715858e97814b8dc5e6">
      <![CDATA[org.openqa.selenium.TimeoutException: Expected condition failed: waiting for element to be clickable: By.xpath: //span[contains(text(),'Confirm your vehicle')] (tried for 15 second(s) with 500 milliseconds interval)
Build info: version: '4.7.2', revision: '4d4020c3b7'
System info: os.name: 'Windows 11', os.arch: 'amd64', os.version: '10.0', java.version: '19'
Driver info: org.openqa.selenium.chrome.ChromeDriver
Capabilities {acceptInsecureCerts: false, browserName: chrome, browserVersion: 131.0.6778.140, chrome: {chromedriverVersion: 131.0.6778.85 (3d81e41b6f3a..., userDataDir: C:\WINDOWS\SystemTemp\scope...}, fedcm:accounts: true, goog:chromeOptions: {debuggerAddress: localhost:57107}, networkConnectionEnabled: false, pageLoadStrategy: normal, platformName: WINDOWS, proxy: Proxy(), se:cdp: ws://localhost:57107/devtoo..., se:cdpVersion: 131.0.6778.140, setWindowRect: true, strictFileInteractability: false, timeouts: {implicit: 0, pageLoad: 300000, script: 30000}, unhandledPromptBehavior: dismiss and notify, webauthn:extension:credBlob: true, webauthn:extension:largeBlob: true, webauthn:extension:minPinLength: true, webauthn:extension:prf: true, webauthn:virtualAuthenticators: true}
Session ID: 5bf5cca913ee3715858e97814b8dc5e6
at org.openqa.selenium.support.ui.WebDriverWait.timeoutException(WebDriverWait.java:87)
at org.openqa.selenium.support.ui.FluentWait.until(FluentWait.java:231)
at com.easyserv.common.ValidateHelper.checkText(ValidateHelper.java:137)
at com.easyserv.pages.Motoserve_BookingApp_UAT.LoginPages.VerifyConfirmVehicleHeader(LoginPages.java:153)
at com.easyserv.testcases.Motoserve.LoginTest.LoginTest_TC016(LoginTest.java:118)
at java.base/java.util.ArrayList.forEach(ArrayList.java:1511)
... Removed 29 stack frames]]>
    </failure>
  </testcase> <!-- LoginTest_TC016 -->
  <testcase classname="com.easyserv.common.BaseSetup" name="@AfterTest tearDown" time="0.0">
    <ignored/>
  </testcase> <!-- @AfterTest tearDown -->
  <testcase classname="com.easyserv.common.BaseSetup" name="@AfterTest tearDown" time="0.0">
    <ignored/>
  </testcase> <!-- @AfterTest tearDown -->
  <testcase classname="com.easyserv.common.BaseSetup" name="@AfterTest tearDown" time="0.0">
    <ignored/>
  </testcase> <!-- @AfterTest tearDown -->
  <testcase classname="com.easyserv.common.BaseSetup" name="@BeforeTest initializeTestBaseSetup" time="0.0">
    <ignored/>
  </testcase> <!-- @BeforeTest initializeTestBaseSetup -->
  <testcase classname="com.easyserv.common.BaseSetup" name="@BeforeTest initializeTestBaseSetup" time="0.0">
    <ignored/>
  </testcase> <!-- @BeforeTest initializeTestBaseSetup -->
  <testcase classname="com.easyserv.common.BaseSetup" name="@BeforeTest initializeTestBaseSetup" time="0.0">
    <ignored/>
  </testcase> <!-- @BeforeTest initializeTestBaseSetup -->
</testsuite> <!-- Test_Suite_Motoserve_UAT -->
