<?xml version="1.0" encoding="UTF-8"?>
<testng-results ignored="6" total="121" passed="113" failed="2" skipped="0">
  <reporter-output>
    <line>
      <![CDATA[Driver for Screenshot: ChromeDriver: chrome on WINDOWS (5bf5cca913ee3715858e97814b8dc5e6)]]>
    </line>
    <line>
      <![CDATA[Screenshot taken current URL: https://motorserve-booking.siliconstack.com.au/register]]>
    </line>
    <line>
      <![CDATA[Driver for Screenshot: ChromeDriver: chrome on WINDOWS (5bf5cca913ee3715858e97814b8dc5e6)]]>
    </line>
    <line>
      <![CDATA[Screenshot taken current URL: https://motorserve-booking.siliconstack.com.au/register]]>
    </line>
    <line>
      <![CDATA[Driver for Screenshot: ChromeDriver: chrome on WINDOWS (5bf5cca913ee3715858e97814b8dc5e6)]]>
    </line>
    <line>
      <![CDATA[Screenshot taken current URL: https://motorserve-booking.siliconstack.com.au/register]]>
    </line>
    <line>
      <![CDATA[Driver for Screenshot: ChromeDriver: chrome on WINDOWS (5bf5cca913ee3715858e97814b8dc5e6)]]>
    </line>
    <line>
      <![CDATA[Screenshot taken current URL: https://motorserve-booking.siliconstack.com.au/register]]>
    </line>
    <line>
      <![CDATA[Driver for Screenshot: ChromeDriver: chrome on WINDOWS (5bf5cca913ee3715858e97814b8dc5e6)]]>
    </line>
    <line>
      <![CDATA[Screenshot taken current URL: https://motorserve-booking.siliconstack.com.au/register]]>
    </line>
    <line>
      <![CDATA[Driver for Screenshot: ChromeDriver: chrome on WINDOWS (5bf5cca913ee3715858e97814b8dc5e6)]]>
    </line>
    <line>
      <![CDATA[Screenshot taken current URL: https://motorserve-booking.siliconstack.com.au/register]]>
    </line>
    <line>
      <![CDATA[Driver for Screenshot: ChromeDriver: chrome on WINDOWS (5bf5cca913ee3715858e97814b8dc5e6)]]>
    </line>
    <line>
      <![CDATA[Screenshot taken current URL: https://motorserve-booking.siliconstack.com.au/register]]>
    </line>
    <line>
      <![CDATA[Driver for Screenshot: ChromeDriver: chrome on WINDOWS (5bf5cca913ee3715858e97814b8dc5e6)]]>
    </line>
    <line>
      <![CDATA[Screenshot taken current URL: https://motorserve-booking.siliconstack.com.au/register]]>
    </line>
    <line>
      <![CDATA[Driver for Screenshot: ChromeDriver: chrome on WINDOWS (5bf5cca913ee3715858e97814b8dc5e6)]]>
    </line>
    <line>
      <![CDATA[Screenshot taken current URL: https://accounts.google.com/v3/signin/identifier?opparams=%253Fgis_params%253DCi5odHRwczovL21vdG9yc2VydmUtYm9va2luZy5zaWxpY29uc3RhY2suY29tLmF1Ei5odHRwczovL21vdG9yc2VydmUtYm9va2luZy5zaWxpY29uc3RhY2suY29tLmF1GAcqFlhzcUh6STZjWk12TFMzakJLTFRZencySDM1NDM0ODE4NjIwOC1sZ2dvODR0cjY5YWV1Y3R0NGZpMzA0NXI3ZnFvZmFvZi5hcHBzLmdvb2dsZXVzZXJjb250ZW50LmNvbTgBQkA4OTJmMWFlMWQwN2E4ZjhlMGU4MzIxZjQ5ZDIzYWZlMDVjYmU5ODY1MGFhNzJlMzk1NGM3OTJmZTllYzI0ZWE5%2526origin%253Dhttps%25253A%25252F%25252Fmotorserve-booking.siliconstack.com.au%2526response_mode%253Dform_post&dsh=S1511641135%3A1734488944257097&client_id=354348186208-lggo84tr69aeuctt4fi3045r7fqofaof.apps.googleusercontent.com&ddm=1&display=popup&gsiwebsdk=gis_attributes&o2v=1&prompt=select_account&redirect_uri=https%3A%2F%2Fmotorserve-booking.siliconstack.com.au&response_type=id_token&scope=openid+email+profile&service=lso&flowName=GeneralOAuthFlow&continue=https%3A%2F%2Faccounts.google.com%2Fsignin%2Foauth%2Fconsent%3Fauthuser%3Dunknown%26part%3DAJi8hANc7dXmUWTF5C6ilNeEQP2cr0xLSmHty5IVNDKkum4g4D6ODVjJvuuwL8nAtDm-ueH_P6w_GglvHXD1GA44HHN4-A4P4b3esulLc31sH5YThhkSgm8ygvwhKhhCsgOqyjUOPJoMHU9HqFR2VbRoj_xxTBh-_ExwH24LQ_sFg9wrAOJfS2FJ8DIxpDW2vQ5yN5NFqIysdPZgvAQ13nZOQ_mTL6_iCtbrWUvtWL_kj4wM2IIo86pEBdkiPA_sGsQ5-fLf796RYYBmFAk5rnRwBSLF-5gKMU7Y8CRIwDsFhl9vQy5j2i2lJZybmG19_dUAGXVNmsHlqC51PIDqDBDzkdXBkKxLPcbFRglnUocgDmekCcLu2NzI3lbM8U4k9QiqXdZ9S7cLrpKVLeVc7Yh7CjOAxiEGC8seL49KpRMf-0WtAdI5GMOYGUN4il6wvSk2WkkkL7LNBJ-m6OfKWysh62898kjufVjwwzdtC31Fh3jqs8m5S0dKVk9TqX0XukLpZ0pR7_NK%26flowName%3DGeneralOAuthFlow%26as%3DS1511641135%253A1734488944257097%26client_id%3D354348186208-lggo84tr69aeuctt4fi3045r7fqofaof.apps.googleusercontent.com%23&app_domain=https%3A%2F%2Fmotorserve-booking.siliconstack.com.au&rart=ANgoxcex_AF01Cy-BJcVWQKWiwiKQM-yAayPJdtv3q2NHBb6kLy-CbSoIkdC5g0bAX_EM41eFB7ucRTdHXAyQJilfBE3Tyx-YyS5FUQfqfLgBq0w3wzGEUQ]]>
    </line>
    <line>
      <![CDATA[Driver for Screenshot: ChromeDriver: chrome on WINDOWS (5bf5cca913ee3715858e97814b8dc5e6)]]>
    </line>
    <line>
      <![CDATA[Screenshot taken current URL: https://www.facebook.com/login.php?skip_api_login=1&api_key=581474459864182&kid_directed_site=0&app_id=581474459864182&signed_next=1&next=https%3A%2F%2Fwww.facebook.com%2Fv2.3%2Fdialog%2Foauth%3Fapp_id%3D581474459864182%26auth_type%3Dreauthenticate%26cbt%3D1734488952873%26channel_url%3Dhttps%253A%252F%252Fstaticxx.facebook.com%252Fx%252Fconnect%252Fxd_arbiter%252F%253Fversion%253D46%2523cb%253Dfb8dd5002ab2c9b20%2526domain%253Dmotorserve-booking.siliconstack.com.au%2526is_canvas%253Dfalse%2526origin%253Dhttps%25253A%25252F%25252Fmotorserve-booking.siliconstack.com.au%25252Ffc85b2194eac21262%2526relation%253Dopener%26client_id%3D581474459864182%26display%3Dpopup%26domain%3Dmotorserve-booking.siliconstack.com.au%26e2e%3D%257B%257D%26fallback_redirect_uri%3Dhttps%253A%252F%252Fmotorserve-booking.siliconstack.com.au%252Fregister%26locale%3Den_US%26logger_id%3Dffead08ee767434a0%26origin%3D1%26redirect_uri%3Dhttps%253A%252F%252Fstaticxx.facebook.com%252Fx%252Fconnect%252Fxd_arbiter%252F%253Fversion%253D46%2523cb%253Df78c05aff963fbc9f%2526domain%253Dmotorserve-booking.siliconstack.com.au%2526is_canvas%253Dfalse%2526origin%253Dhttps%25253A%25252F%25252Fmotorserve-booking.siliconstack.com.au%25252Ffc85b2194eac21262%2526relation%253Dopener%2526frame%253Df5f1ee4dab0d45748%26response_type%3Dtoken%252Csigned_request%252Cgraph_domain%26return_scopes%3Dfalse%26scope%3Dpublic_profile%26sdk%3Djoey%26version%3Dv2.3%26ret%3Dlogin%26fbapp_pres%3D0%26tp%3Dunspecified&cancel_url=https%3A%2F%2Fstaticxx.facebook.com%2Fx%2Fconnect%2Fxd_arbiter%2F%3Fversion%3D46%23cb%3Df78c05aff963fbc9f%26domain%3Dmotorserve-booking.siliconstack.com.au%26is_canvas%3Dfalse%26origin%3Dhttps%253A%252F%252Fmotorserve-booking.siliconstack.com.au%252Ffc85b2194eac21262%26relation%3Dopener%26frame%3Df5f1ee4dab0d45748%26error%3Daccess_denied%26error_code%3D200%26error_description%3DPermissions%2Berror%26error_reason%3Duser_denied&display=popup&locale=en_GB&pl_dbl=0]]>
    </line>
    <line>
      <![CDATA[Driver for Screenshot: ChromeDriver: chrome on WINDOWS (5bf5cca913ee3715858e97814b8dc5e6)]]>
    </line>
    <line>
      <![CDATA[Screenshot taken current URL: https://motorserve-booking.siliconstack.com.au/login]]>
    </line>
    <line>
      <![CDATA[Driver for Screenshot: ChromeDriver: chrome on WINDOWS (5bf5cca913ee3715858e97814b8dc5e6)]]>
    </line>
    <line>
      <![CDATA[Screenshot taken current URL: https://motorserve-booking.siliconstack.com.au/login]]>
    </line>
    <line>
      <![CDATA[Driver for Screenshot: ChromeDriver: chrome on WINDOWS (5bf5cca913ee3715858e97814b8dc5e6)]]>
    </line>
    <line>
      <![CDATA[Screenshot taken current URL: https://motorserve-booking.siliconstack.com.au/login]]>
    </line>
    <line>
      <![CDATA[Driver for Screenshot: ChromeDriver: chrome on WINDOWS (5bf5cca913ee3715858e97814b8dc5e6)]]>
    </line>
    <line>
      <![CDATA[Screenshot taken current URL: https://motorserve-booking.siliconstack.com.au/register]]>
    </line>
    <line>
      <![CDATA[Driver for Screenshot: ChromeDriver: chrome on WINDOWS (5bf5cca913ee3715858e97814b8dc5e6)]]>
    </line>
    <line>
      <![CDATA[Screenshot taken current URL: https://motorserve-booking.siliconstack.com.au/register]]>
    </line>
    <line>
      <![CDATA[Driver for Screenshot: ChromeDriver: chrome on WINDOWS (5bf5cca913ee3715858e97814b8dc5e6)]]>
    </line>
    <line>
      <![CDATA[Screenshot taken current URL: https://motorserve-booking.siliconstack.com.au/register]]>
    </line>
    <line>
      <![CDATA[Driver for Screenshot: ChromeDriver: chrome on WINDOWS (5bf5cca913ee3715858e97814b8dc5e6)]]>
    </line>
    <line>
      <![CDATA[Screenshot taken current URL: https://motorserve-booking.siliconstack.com.au/register]]>
    </line>
    <line>
      <![CDATA[Driver for Screenshot: ChromeDriver: chrome on WINDOWS (5bf5cca913ee3715858e97814b8dc5e6)]]>
    </line>
    <line>
      <![CDATA[Screenshot taken current URL: https://motorserve-booking.siliconstack.com.au/register]]>
    </line>
    <line>
      <![CDATA[Driver for Screenshot: ChromeDriver: chrome on WINDOWS (5bf5cca913ee3715858e97814b8dc5e6)]]>
    </line>
    <line>
      <![CDATA[Screenshot taken current URL: https://motorserve-booking.siliconstack.com.au/register]]>
    </line>
    <line>
      <![CDATA[Driver for Screenshot: ChromeDriver: chrome on WINDOWS (5bf5cca913ee3715858e97814b8dc5e6)]]>
    </line>
    <line>
      <![CDATA[Screenshot taken current URL: https://motorserve-booking.siliconstack.com.au/register]]>
    </line>
    <line>
      <![CDATA[Driver for Screenshot: ChromeDriver: chrome on WINDOWS (5bf5cca913ee3715858e97814b8dc5e6)]]>
    </line>
    <line>
      <![CDATA[Screenshot taken current URL: https://motorserve-booking.siliconstack.com.au/register]]>
    </line>
    <line>
      <![CDATA[Driver for Screenshot: ChromeDriver: chrome on WINDOWS (5bf5cca913ee3715858e97814b8dc5e6)]]>
    </line>
    <line>
      <![CDATA[Screenshot taken current URL: https://motorserve-booking.siliconstack.com.au/register]]>
    </line>
    <line>
      <![CDATA[Driver for Screenshot: ChromeDriver: chrome on WINDOWS (5bf5cca913ee3715858e97814b8dc5e6)]]>
    </line>
    <line>
      <![CDATA[Screenshot taken current URL: https://motorserve-booking.siliconstack.com.au/register]]>
    </line>
    <line>
      <![CDATA[Driver for Screenshot: ChromeDriver: chrome on WINDOWS (5bf5cca913ee3715858e97814b8dc5e6)]]>
    </line>
    <line>
      <![CDATA[Screenshot taken current URL: https://motorserve-booking.siliconstack.com.au/register]]>
    </line>
    <line>
      <![CDATA[Driver for Screenshot: ChromeDriver: chrome on WINDOWS (5bf5cca913ee3715858e97814b8dc5e6)]]>
    </line>
    <line>
      <![CDATA[Screenshot taken current URL: https://motorserve-booking.siliconstack.com.au/forgot-password]]>
    </line>
    <line>
      <![CDATA[Driver for Screenshot: ChromeDriver: chrome on WINDOWS (5bf5cca913ee3715858e97814b8dc5e6)]]>
    </line>
    <line>
      <![CDATA[Screenshot taken current URL: https://motorserve-booking.siliconstack.com.au/forgot-password]]>
    </line>
    <line>
      <![CDATA[Driver for Screenshot: ChromeDriver: chrome on WINDOWS (5bf5cca913ee3715858e97814b8dc5e6)]]>
    </line>
    <line>
      <![CDATA[Screenshot taken current URL: https://motorserve-booking.siliconstack.com.au/forgot-password]]>
    </line>
    <line>
      <![CDATA[Driver for Screenshot: ChromeDriver: chrome on WINDOWS (5bf5cca913ee3715858e97814b8dc5e6)]]>
    </line>
    <line>
      <![CDATA[Screenshot taken current URL: https://motorserve-booking.siliconstack.com.au/forgot-password]]>
    </line>
    <line>
      <![CDATA[Driver for Screenshot: ChromeDriver: chrome on WINDOWS (5bf5cca913ee3715858e97814b8dc5e6)]]>
    </line>
    <line>
      <![CDATA[Screenshot taken current URL: https://motorserve-booking.siliconstack.com.au/forgot-password]]>
    </line>
    <line>
      <![CDATA[Driver for Screenshot: ChromeDriver: chrome on WINDOWS (5bf5cca913ee3715858e97814b8dc5e6)]]>
    </line>
    <line>
      <![CDATA[Screenshot taken current URL: https://motorserve-booking.siliconstack.com.au/forgot-password]]>
    </line>
    <line>
      <![CDATA[Driver for Screenshot: ChromeDriver: chrome on WINDOWS (5bf5cca913ee3715858e97814b8dc5e6)]]>
    </line>
    <line>
      <![CDATA[Screenshot taken current URL: https://motorserve-booking.siliconstack.com.au/login]]>
    </line>
    <line>
      <![CDATA[Driver for Screenshot: ChromeDriver: chrome on WINDOWS (5bf5cca913ee3715858e97814b8dc5e6)]]>
    </line>
    <line>
      <![CDATA[Screenshot taken current URL: https://motorserve-booking.siliconstack.com.au/register]]>
    </line>
    <line>
      <![CDATA[Driver for Screenshot: ChromeDriver: chrome on WINDOWS (5bf5cca913ee3715858e97814b8dc5e6)]]>
    </line>
    <line>
      <![CDATA[Screenshot taken current URL: https://motorserve-booking.siliconstack.com.au/forgot-password]]>
    </line>
    <line>
      <![CDATA[Driver for Screenshot: ChromeDriver: chrome on WINDOWS (5bf5cca913ee3715858e97814b8dc5e6)]]>
    </line>
    <line>
      <![CDATA[Screenshot taken current URL: https://motorserve-booking.siliconstack.com.au/login]]>
    </line>
    <line>
      <![CDATA[Driver for Screenshot: ChromeDriver: chrome on WINDOWS (5bf5cca913ee3715858e97814b8dc5e6)]]>
    </line>
    <line>
      <![CDATA[Screenshot taken current URL: https://motorserve-booking.siliconstack.com.au/forgot-password]]>
    </line>
    <line>
      <![CDATA[Driver for Screenshot: ChromeDriver: chrome on WINDOWS (5bf5cca913ee3715858e97814b8dc5e6)]]>
    </line>
    <line>
      <![CDATA[Screenshot taken current URL: https://motorserve-booking-uat.siliconstack.com.au/reset-password?token=eyJhbGciOiJIUzI1NiIsInR5cCI6IkpXVCJ9.eyJlbWFpbCI6Im5ndXllbnRydW5nZHR1QGdtYWlsLmNvbSIsImlzQWRtaW4iOmZhbHNlLCJpYXQiOjE3MjMwMTY1OTYsImV4cCI6MTcyMzAxODM5Nn0.yX9TCHP6Vyv5s0SyEeP7HmBF1YDuBY30Ja8kzZhAjJ0]]>
    </line>
    <line>
      <![CDATA[Driver for Screenshot: ChromeDriver: chrome on WINDOWS (5bf5cca913ee3715858e97814b8dc5e6)]]>
    </line>
    <line>
      <![CDATA[Screenshot taken current URL: https://motorserve-booking-uat.siliconstack.com.au/reset-password?token=eyJhbGciOiJIUzI1NiIsInR5cCI6IkpXVCJ9.eyJlbWFpbCI6Im5ndXllbnRydW5nZHR1QGdtYWlsLmNvbSIsImlzQWRtaW4iOmZhbHNlLCJpYXQiOjE3MjMwMTY1OTYsImV4cCI6MTcyMzAxODM5Nn0.yX9TCHP6Vyv5s0SyEeP7HmBF1YDuBY30Ja8kzZhAjJ0]]>
    </line>
    <line>
      <![CDATA[Driver for Screenshot: ChromeDriver: chrome on WINDOWS (5bf5cca913ee3715858e97814b8dc5e6)]]>
    </line>
    <line>
      <![CDATA[Screenshot taken current URL: https://motorserve-booking-uat.siliconstack.com.au/login]]>
    </line>
    <line>
      <![CDATA[Driver for Screenshot: ChromeDriver: chrome on WINDOWS (5bf5cca913ee3715858e97814b8dc5e6)]]>
    </line>
    <line>
      <![CDATA[Screenshot taken current URL: https://motorserve-booking-uat.siliconstack.com.au/reset-password?token=eyJhbGciOiJIUzI1NiIsInR5cCI6IkpXVCJ9.eyJlbWFpbCI6Im5ndXllbnRydW5nZHR1QGdtYWlsLmNvbSIsImlzQWRtaW4iOmZhbHNlLCJpYXQiOjE3MjMwMTY1OTYsImV4cCI6MTcyMzAxODM5Nn0.yX9TCHP6Vyv5s0SyEeP7HmBF1YDuBY30Ja8kzZhAjJ0]]>
    </line>
    <line>
      <![CDATA[Driver for Screenshot: ChromeDriver: chrome on WINDOWS (5bf5cca913ee3715858e97814b8dc5e6)]]>
    </line>
    <line>
      <![CDATA[Screenshot taken current URL: https://motorserve-booking-uat.siliconstack.com.au/reset-password?token=eyJhbGciOiJIUzI1NiIsInR5cCI6IkpXVCJ9.eyJlbWFpbCI6Im5ndXllbnRydW5nZHR1QGdtYWlsLmNvbSIsImlzQWRtaW4iOmZhbHNlLCJpYXQiOjE3MjMwMTY1OTYsImV4cCI6MTcyMzAxODM5Nn0.yX9TCHP6Vyv5s0SyEeP7HmBF1YDuBY30Ja8kzZhAjJ0]]>
    </line>
    <line>
      <![CDATA[Driver for Screenshot: ChromeDriver: chrome on WINDOWS (5bf5cca913ee3715858e97814b8dc5e6)]]>
    </line>
    <line>
      <![CDATA[Screenshot taken current URL: https://motorserve-booking-uat.siliconstack.com.au/reset-password?token=eyJhbGciOiJIUzI1NiIsInR5cCI6IkpXVCJ9.eyJlbWFpbCI6Im5ndXllbnRydW5nZHR1QGdtYWlsLmNvbSIsImlzQWRtaW4iOmZhbHNlLCJpYXQiOjE3MjMwMTY1OTYsImV4cCI6MTcyMzAxODM5Nn0.yX9TCHP6Vyv5s0SyEeP7HmBF1YDuBY30Ja8kzZhAjJ0]]>
    </line>
    <line>
      <![CDATA[Driver for Screenshot: ChromeDriver: chrome on WINDOWS (5bf5cca913ee3715858e97814b8dc5e6)]]>
    </line>
    <line>
      <![CDATA[Screenshot taken current URL: https://motorserve-booking-uat.siliconstack.com.au/reset-password?token=eyJhbGciOiJIUzI1NiIsInR5cCI6IkpXVCJ9.eyJlbWFpbCI6Im5ndXllbnRydW5nZHR1QGdtYWlsLmNvbSIsImlzQWRtaW4iOmZhbHNlLCJpYXQiOjE3MjMwMTY1OTYsImV4cCI6MTcyMzAxODM5Nn0.yX9TCHP6Vyv5s0SyEeP7HmBF1YDuBY30Ja8kzZhAjJ0]]>
    </line>
    <line>
      <![CDATA[Driver for Screenshot: ChromeDriver: chrome on WINDOWS (5bf5cca913ee3715858e97814b8dc5e6)]]>
    </line>
    <line>
      <![CDATA[Screenshot taken current URL: https://motorserve-booking-uat.siliconstack.com.au/reset-password?token=eyJhbGciOiJIUzI1NiIsInR5cCI6IkpXVCJ9.eyJlbWFpbCI6Im5ndXllbnRydW5nZHR1QGdtYWlsLmNvbSIsImlzQWRtaW4iOmZhbHNlLCJpYXQiOjE3MjMwMTY1OTYsImV4cCI6MTcyMzAxODM5Nn0.yX9TCHP6Vyv5s0SyEeP7HmBF1YDuBY30Ja8kzZhAjJ0]]>
    </line>
    <line>
      <![CDATA[Driver for Screenshot: ChromeDriver: chrome on WINDOWS (5bf5cca913ee3715858e97814b8dc5e6)]]>
    </line>
    <line>
      <![CDATA[Screenshot taken current URL: https://motorserve-booking-uat.siliconstack.com.au/reset-password?token=eyJhbGciOiJIUzI1NiIsInR5cCI6IkpXVCJ9.eyJlbWFpbCI6Im5ndXllbnRydW5nZHR1QGdtYWlsLmNvbSIsImlzQWRtaW4iOmZhbHNlLCJpYXQiOjE3MjMwMTY1OTYsImV4cCI6MTcyMzAxODM5Nn0.yX9TCHP6Vyv5s0SyEeP7HmBF1YDuBY30Ja8kzZhAjJ0]]>
    </line>
    <line>
      <![CDATA[Driver for Screenshot: ChromeDriver: chrome on WINDOWS (5bf5cca913ee3715858e97814b8dc5e6)]]>
    </line>
    <line>
      <![CDATA[Screenshot taken current URL: https://motorserve-booking-uat.siliconstack.com.au/reset-password?token=eyJhbGciOiJIUzI1NiIsInR5cCI6IkpXVCJ9.eyJlbWFpbCI6Im5ndXllbnRydW5nZHR1QGdtYWlsLmNvbSIsImlzQWRtaW4iOmZhbHNlLCJpYXQiOjE3MjMwMTY1OTYsImV4cCI6MTcyMzAxODM5Nn0.yX9TCHP6Vyv5s0SyEeP7HmBF1YDuBY30Ja8kzZhAjJ0]]>
    </line>
    <line>
      <![CDATA[Driver for Screenshot: ChromeDriver: chrome on WINDOWS (5bf5cca913ee3715858e97814b8dc5e6)]]>
    </line>
    <line>
      <![CDATA[Screenshot taken current URL: https://motorserve-booking-uat.siliconstack.com.au/reset-password?token=eyJhbGciOiJIUzI1NiIsInR5cCI6IkpXVCJ9.eyJlbWFpbCI6Im5ndXllbnRydW5nZHR1QGdtYWlsLmNvbSIsImlzQWRtaW4iOmZhbHNlLCJpYXQiOjE3MjMwMTY1OTYsImV4cCI6MTcyMzAxODM5Nn0.yX9TCHP6Vyv5s0SyEeP7HmBF1YDuBY30Ja8kzZhAjJ0]]>
    </line>
    <line>
      <![CDATA[Driver for Screenshot: ChromeDriver: chrome on WINDOWS (5bf5cca913ee3715858e97814b8dc5e6)]]>
    </line>
    <line>
      <![CDATA[Screenshot taken current URL: https://motorserve-booking-uat.siliconstack.com.au/reset-password?token=eyJhbGciOiJIUzI1NiIsInR5cCI6IkpXVCJ9.eyJlbWFpbCI6Im5ndXllbnRydW5nZHR1QGdtYWlsLmNvbSIsImlzQWRtaW4iOmZhbHNlLCJpYXQiOjE3MjMwMTY1OTYsImV4cCI6MTcyMzAxODM5Nn0.yX9TCHP6Vyv5s0SyEeP7HmBF1YDuBY30Ja8kzZhAjJ0]]>
    </line>
    <line>
      <![CDATA[Driver for Screenshot: ChromeDriver: chrome on WINDOWS (5bf5cca913ee3715858e97814b8dc5e6)]]>
    </line>
    <line>
      <![CDATA[Screenshot taken current URL: https://motorserve-booking-uat.siliconstack.com.au/reset-password?token=eyJhbGciOiJIUzI1NiIsInR5cCI6IkpXVCJ9.eyJlbWFpbCI6Im5ndXllbnRydW5nZHR1QGdtYWlsLmNvbSIsImlzQWRtaW4iOmZhbHNlLCJpYXQiOjE3MjMwMTY1OTYsImV4cCI6MTcyMzAxODM5Nn0.yX9TCHP6Vyv5s0SyEeP7HmBF1YDuBY30Ja8kzZhAjJ0]]>
    </line>
    <line>
      <![CDATA[Driver for Screenshot: ChromeDriver: chrome on WINDOWS (5bf5cca913ee3715858e97814b8dc5e6)]]>
    </line>
    <line>
      <![CDATA[Screenshot taken current URL: https://motorserve-booking-uat.siliconstack.com.au/reset-password?token=eyJhbGciOiJIUzI1NiIsInR5cCI6IkpXVCJ9.eyJlbWFpbCI6Im5ndXllbnRydW5nZHR1QGdtYWlsLmNvbSIsImlzQWRtaW4iOmZhbHNlLCJpYXQiOjE3MjMwMTY1OTYsImV4cCI6MTcyMzAxODM5Nn0.yX9TCHP6Vyv5s0SyEeP7HmBF1YDuBY30Ja8kzZhAjJ0]]>
    </line>
    <line>
      <![CDATA[Driver for Screenshot: ChromeDriver: chrome on WINDOWS (5bf5cca913ee3715858e97814b8dc5e6)]]>
    </line>
    <line>
      <![CDATA[Screenshot taken current URL: https://motorserve-booking-uat.siliconstack.com.au/reset-password?token=eyJhbGciOiJIUzI1NiIsInR5cCI6IkpXVCJ9.eyJlbWFpbCI6Im5ndXllbnRydW5nZHR1QGdtYWlsLmNvbSIsImlzQWRtaW4iOmZhbHNlLCJpYXQiOjE3MjMwMTY1OTYsImV4cCI6MTcyMzAxODM5Nn0.yX9TCHP6Vyv5s0SyEeP7HmBF1YDuBY30Ja8kzZhAjJ0]]>
    </line>
    <line>
      <![CDATA[Driver for Screenshot: ChromeDriver: chrome on WINDOWS (5bf5cca913ee3715858e97814b8dc5e6)]]>
    </line>
    <line>
      <![CDATA[Screenshot taken current URL: https://motorserve-booking-uat.siliconstack.com.au/reset-password?token=eyJhbGciOiJIUzI1NiIsInR5cCI6IkpXVCJ9.eyJlbWFpbCI6Im5ndXllbnRydW5nZHR1QGdtYWlsLmNvbSIsImlzQWRtaW4iOmZhbHNlLCJpYXQiOjE3MjMwMTY1OTYsImV4cCI6MTcyMzAxODM5Nn0.yX9TCHP6Vyv5s0SyEeP7HmBF1YDuBY30Ja8kzZhAjJ0]]>
    </line>
    <line>
      <![CDATA[Driver for Screenshot: ChromeDriver: chrome on WINDOWS (5bf5cca913ee3715858e97814b8dc5e6)]]>
    </line>
    <line>
      <![CDATA[Screenshot taken current URL: https://motorserve-booking-uat.siliconstack.com.au/reset-password?token=eyJhbGciOiJIUzI1NiIsInR5cCI6IkpXVCJ9.eyJlbWFpbCI6Im5ndXllbnRydW5nZHR1QGdtYWlsLmNvbSIsImlzQWRtaW4iOmZhbHNlLCJpYXQiOjE3MjMwMTY1OTYsImV4cCI6MTcyMzAxODM5Nn0.yX9TCHP6Vyv5s0SyEeP7HmBF1YDuBY30Ja8kzZhAjJ0]]>
    </line>
    <line>
      <![CDATA[Driver for Screenshot: ChromeDriver: chrome on WINDOWS (5bf5cca913ee3715858e97814b8dc5e6)]]>
    </line>
    <line>
      <![CDATA[Screenshot taken current URL: https://motorserve-booking-uat.siliconstack.com.au/reset-password?token=eyJhbGciOiJIUzI1NiIsInR5cCI6IkpXVCJ9.eyJlbWFpbCI6Im5ndXllbnRydW5nZHR1QGdtYWlsLmNvbSIsImlzQWRtaW4iOmZhbHNlLCJpYXQiOjE3MjMwMTY1OTYsImV4cCI6MTcyMzAxODM5Nn0.yX9TCHP6Vyv5s0SyEeP7HmBF1YDuBY30Ja8kzZhAjJ0]]>
    </line>
    <line>
      <![CDATA[Driver for Screenshot: ChromeDriver: chrome on WINDOWS (5bf5cca913ee3715858e97814b8dc5e6)]]>
    </line>
    <line>
      <![CDATA[Screenshot taken current URL: https://motorserve-booking-uat.siliconstack.com.au/reset-password?token=eyJhbGciOiJIUzI1NiIsInR5cCI6IkpXVCJ9.eyJlbWFpbCI6Im5ndXllbnRydW5nZHR1QGdtYWlsLmNvbSIsImlzQWRtaW4iOmZhbHNlLCJpYXQiOjE3MjMwMTY1OTYsImV4cCI6MTcyMzAxODM5Nn0.yX9TCHP6Vyv5s0SyEeP7HmBF1YDuBY30Ja8kzZhAjJ0]]>
    </line>
    <line>
      <![CDATA[Driver for Screenshot: ChromeDriver: chrome on WINDOWS (5bf5cca913ee3715858e97814b8dc5e6)]]>
    </line>
    <line>
      <![CDATA[Screenshot taken current URL: https://motorserve-booking-uat.siliconstack.com.au/reset-password?token=eyJhbGciOiJIUzI1NiIsInR5cCI6IkpXVCJ9.eyJlbWFpbCI6Im5ndXllbnRydW5nZHR1QGdtYWlsLmNvbSIsImlzQWRtaW4iOmZhbHNlLCJpYXQiOjE3MjMwMTY1OTYsImV4cCI6MTcyMzAxODM5Nn0.yX9TCHP6Vyv5s0SyEeP7HmBF1YDuBY30Ja8kzZhAjJ0]]>
    </line>
    <line>
      <![CDATA[Driver for Screenshot: ChromeDriver: chrome on WINDOWS (5bf5cca913ee3715858e97814b8dc5e6)]]>
    </line>
    <line>
      <![CDATA[Screenshot taken current URL: https://motorserve-booking.siliconstack.com.au/enquiries]]>
    </line>
    <line>
      <![CDATA[Driver for Screenshot: ChromeDriver: chrome on WINDOWS (5bf5cca913ee3715858e97814b8dc5e6)]]>
    </line>
    <line>
      <![CDATA[Screenshot taken current URL: https://motorserve.com.au/privacy-policy/]]>
    </line>
    <line>
      <![CDATA[Driver for Screenshot: ChromeDriver: chrome on WINDOWS (5bf5cca913ee3715858e97814b8dc5e6)]]>
    </line>
    <line>
      <![CDATA[Screenshot taken current URL: https://motorserve-booking.siliconstack.com.au/enquiries]]>
    </line>
    <line>
      <![CDATA[Driver for Screenshot: ChromeDriver: chrome on WINDOWS (5bf5cca913ee3715858e97814b8dc5e6)]]>
    </line>
    <line>
      <![CDATA[Screenshot taken current URL: https://motorserve-booking.siliconstack.com.au/enquiries]]>
    </line>
    <line>
      <![CDATA[Driver for Screenshot: ChromeDriver: chrome on WINDOWS (5bf5cca913ee3715858e97814b8dc5e6)]]>
    </line>
    <line>
      <![CDATA[Screenshot taken current URL: https://motorserve-booking.siliconstack.com.au/enquiries]]>
    </line>
    <line>
      <![CDATA[Driver for Screenshot: ChromeDriver: chrome on WINDOWS (5bf5cca913ee3715858e97814b8dc5e6)]]>
    </line>
    <line>
      <![CDATA[Screenshot taken current URL: https://motorserve-booking.siliconstack.com.au/enquiries]]>
    </line>
    <line>
      <![CDATA[Driver for Screenshot: ChromeDriver: chrome on WINDOWS (5bf5cca913ee3715858e97814b8dc5e6)]]>
    </line>
    <line>
      <![CDATA[Screenshot taken current URL: https://motorserve-booking.siliconstack.com.au/enquiries/success]]>
    </line>
    <line>
      <![CDATA[Driver for Screenshot: ChromeDriver: chrome on WINDOWS (5bf5cca913ee3715858e97814b8dc5e6)]]>
    </line>
    <line>
      <![CDATA[Screenshot taken current URL: https://motorserve-booking.siliconstack.com.au/enquiries/success]]>
    </line>
    <line>
      <![CDATA[Driver for Screenshot: ChromeDriver: chrome on WINDOWS (5bf5cca913ee3715858e97814b8dc5e6)]]>
    </line>
    <line>
      <![CDATA[Screenshot taken current URL: https://motorserve-booking.siliconstack.com.au/enquiries/success]]>
    </line>
    <line>
      <![CDATA[Driver for Screenshot: ChromeDriver: chrome on WINDOWS (5bf5cca913ee3715858e97814b8dc5e6)]]>
    </line>
    <line>
      <![CDATA[Screenshot taken current URL: https://motorserve-booking.siliconstack.com.au/enquiries/success]]>
    </line>
    <line>
      <![CDATA[Driver for Screenshot: ChromeDriver: chrome on WINDOWS (5bf5cca913ee3715858e97814b8dc5e6)]]>
    </line>
    <line>
      <![CDATA[Screenshot taken current URL: https://motorserve-booking.siliconstack.com.au/enquiries/success]]>
    </line>
    <line>
      <![CDATA[Driver for Screenshot: ChromeDriver: chrome on WINDOWS (5bf5cca913ee3715858e97814b8dc5e6)]]>
    </line>
    <line>
      <![CDATA[Screenshot taken current URL: https://motorserve-booking.siliconstack.com.au/enquiries]]>
    </line>
    <line>
      <![CDATA[Driver for Screenshot: ChromeDriver: chrome on WINDOWS (5bf5cca913ee3715858e97814b8dc5e6)]]>
    </line>
    <line>
      <![CDATA[Screenshot taken current URL: https://motorserve-booking.siliconstack.com.au/enquiries]]>
    </line>
    <line>
      <![CDATA[Driver for Screenshot: ChromeDriver: chrome on WINDOWS (5bf5cca913ee3715858e97814b8dc5e6)]]>
    </line>
    <line>
      <![CDATA[Screenshot taken current URL: https://motorserve-booking.siliconstack.com.au/enquiries]]>
    </line>
    <line>
      <![CDATA[Driver for Screenshot: ChromeDriver: chrome on WINDOWS (5bf5cca913ee3715858e97814b8dc5e6)]]>
    </line>
    <line>
      <![CDATA[Screenshot taken current URL: https://motorserve-booking.siliconstack.com.au/enquiries]]>
    </line>
    <line>
      <![CDATA[Driver for Screenshot: ChromeDriver: chrome on WINDOWS (5bf5cca913ee3715858e97814b8dc5e6)]]>
    </line>
    <line>
      <![CDATA[Screenshot taken current URL: https://motorserve-booking.siliconstack.com.au/enquiries]]>
    </line>
    <line>
      <![CDATA[Driver for Screenshot: ChromeDriver: chrome on WINDOWS (5bf5cca913ee3715858e97814b8dc5e6)]]>
    </line>
    <line>
      <![CDATA[Screenshot taken current URL: https://motorserve-booking.siliconstack.com.au/enquiries]]>
    </line>
    <line>
      <![CDATA[Driver for Screenshot: ChromeDriver: chrome on WINDOWS (5bf5cca913ee3715858e97814b8dc5e6)]]>
    </line>
    <line>
      <![CDATA[Screenshot taken current URL: https://motorserve-booking.siliconstack.com.au/enquiries]]>
    </line>
    <line>
      <![CDATA[Driver for Screenshot: ChromeDriver: chrome on WINDOWS (5bf5cca913ee3715858e97814b8dc5e6)]]>
    </line>
    <line>
      <![CDATA[Screenshot taken current URL: https://motorserve-booking.siliconstack.com.au/enquiries]]>
    </line>
    <line>
      <![CDATA[Driver for Screenshot: ChromeDriver: chrome on WINDOWS (5bf5cca913ee3715858e97814b8dc5e6)]]>
    </line>
    <line>
      <![CDATA[Screenshot taken current URL: https://motorserve-booking.siliconstack.com.au/enquiries]]>
    </line>
    <line>
      <![CDATA[Driver for Screenshot: ChromeDriver: chrome on WINDOWS (5bf5cca913ee3715858e97814b8dc5e6)]]>
    </line>
    <line>
      <![CDATA[Screenshot taken current URL: https://motorserve-booking.siliconstack.com.au/enquiries]]>
    </line>
    <line>
      <![CDATA[Driver for Screenshot: ChromeDriver: chrome on WINDOWS (5bf5cca913ee3715858e97814b8dc5e6)]]>
    </line>
    <line>
      <![CDATA[Screenshot taken current URL: https://motorserve-booking.siliconstack.com.au/enquiries]]>
    </line>
    <line>
      <![CDATA[Driver for Screenshot: ChromeDriver: chrome on WINDOWS (5bf5cca913ee3715858e97814b8dc5e6)]]>
    </line>
    <line>
      <![CDATA[Screenshot taken current URL: https://motorserve-booking.siliconstack.com.au/enquiries]]>
    </line>
    <line>
      <![CDATA[Driver for Screenshot: ChromeDriver: chrome on WINDOWS (5bf5cca913ee3715858e97814b8dc5e6)]]>
    </line>
    <line>
      <![CDATA[Screenshot taken current URL: https://motorserve-booking.siliconstack.com.au/enquiries]]>
    </line>
    <line>
      <![CDATA[Driver for Screenshot: ChromeDriver: chrome on WINDOWS (5bf5cca913ee3715858e97814b8dc5e6)]]>
    </line>
    <line>
      <![CDATA[Screenshot taken current URL: https://motorserve-booking.siliconstack.com.au/enquiries]]>
    </line>
    <line>
      <![CDATA[Driver for Screenshot: ChromeDriver: chrome on WINDOWS (5bf5cca913ee3715858e97814b8dc5e6)]]>
    </line>
    <line>
      <![CDATA[Screenshot taken current URL: https://motorserve-booking.siliconstack.com.au/enquiries]]>
    </line>
    <line>
      <![CDATA[Driver for Screenshot: ChromeDriver: chrome on WINDOWS (5bf5cca913ee3715858e97814b8dc5e6)]]>
    </line>
    <line>
      <![CDATA[Screenshot taken current URL: https://motorserve-booking.siliconstack.com.au/enquiries]]>
    </line>
    <line>
      <![CDATA[Driver for Screenshot: ChromeDriver: chrome on WINDOWS (5bf5cca913ee3715858e97814b8dc5e6)]]>
    </line>
    <line>
      <![CDATA[Screenshot taken current URL: https://motorserve-booking.siliconstack.com.au/enquiries]]>
    </line>
    <line>
      <![CDATA[Driver for Screenshot: ChromeDriver: chrome on WINDOWS (5bf5cca913ee3715858e97814b8dc5e6)]]>
    </line>
    <line>
      <![CDATA[Screenshot taken current URL: https://motorserve-booking.siliconstack.com.au/enquiries]]>
    </line>
    <line>
      <![CDATA[Driver for Screenshot: ChromeDriver: chrome on WINDOWS (5bf5cca913ee3715858e97814b8dc5e6)]]>
    </line>
    <line>
      <![CDATA[Screenshot taken current URL: https://motorserve-booking.siliconstack.com.au/enquiries]]>
    </line>
    <line>
      <![CDATA[Driver for Screenshot: ChromeDriver: chrome on WINDOWS (5bf5cca913ee3715858e97814b8dc5e6)]]>
    </line>
    <line>
      <![CDATA[Screenshot taken current URL: https://motorserve-booking.siliconstack.com.au/enquiries]]>
    </line>
    <line>
      <![CDATA[Driver for Screenshot: ChromeDriver: chrome on WINDOWS (5bf5cca913ee3715858e97814b8dc5e6)]]>
    </line>
    <line>
      <![CDATA[Screenshot taken current URL: https://motorserve-booking.siliconstack.com.au/enquiries]]>
    </line>
    <line>
      <![CDATA[Driver for Screenshot: ChromeDriver: chrome on WINDOWS (5bf5cca913ee3715858e97814b8dc5e6)]]>
    </line>
    <line>
      <![CDATA[Screenshot taken current URL: https://motorserve-booking.siliconstack.com.au/enquiries]]>
    </line>
    <line>
      <![CDATA[Driver for Screenshot: ChromeDriver: chrome on WINDOWS (5bf5cca913ee3715858e97814b8dc5e6)]]>
    </line>
    <line>
      <![CDATA[Screenshot taken current URL: https://motorserve-booking.siliconstack.com.au/enquiries]]>
    </line>
    <line>
      <![CDATA[Driver for Screenshot: ChromeDriver: chrome on WINDOWS (5bf5cca913ee3715858e97814b8dc5e6)]]>
    </line>
    <line>
      <![CDATA[Screenshot taken current URL: https://motorserve-booking.siliconstack.com.au/enquiries]]>
    </line>
    <line>
      <![CDATA[Driver for Screenshot: ChromeDriver: chrome on WINDOWS (5bf5cca913ee3715858e97814b8dc5e6)]]>
    </line>
    <line>
      <![CDATA[Screenshot taken current URL: https://motorserve-booking.siliconstack.com.au/enquiries]]>
    </line>
    <line>
      <![CDATA[Driver for Screenshot: ChromeDriver: chrome on WINDOWS (5bf5cca913ee3715858e97814b8dc5e6)]]>
    </line>
    <line>
      <![CDATA[Screenshot taken current URL: https://motorserve-booking.siliconstack.com.au/enquiries]]>
    </line>
    <line>
      <![CDATA[Driver for Screenshot: ChromeDriver: chrome on WINDOWS (5bf5cca913ee3715858e97814b8dc5e6)]]>
    </line>
    <line>
      <![CDATA[Screenshot taken current URL: https://motorserve-booking.siliconstack.com.au/login]]>
    </line>
    <line>
      <![CDATA[Driver for Screenshot: ChromeDriver: chrome on WINDOWS (5bf5cca913ee3715858e97814b8dc5e6)]]>
    </line>
    <line>
      <![CDATA[Screenshot taken current URL: https://motorserve-booking.siliconstack.com.au/login]]>
    </line>
    <line>
      <![CDATA[Driver for Screenshot: ChromeDriver: chrome on WINDOWS (5bf5cca913ee3715858e97814b8dc5e6)]]>
    </line>
    <line>
      <![CDATA[Screenshot taken current URL: https://motorserve-booking.siliconstack.com.au/login]]>
    </line>
    <line>
      <![CDATA[Driver for Screenshot: ChromeDriver: chrome on WINDOWS (5bf5cca913ee3715858e97814b8dc5e6)]]>
    </line>
    <line>
      <![CDATA[Screenshot taken current URL: https://motorserve-booking.siliconstack.com.au/login]]>
    </line>
    <line>
      <![CDATA[Driver for Screenshot: ChromeDriver: chrome on WINDOWS (5bf5cca913ee3715858e97814b8dc5e6)]]>
    </line>
    <line>
      <![CDATA[Screenshot taken current URL: https://motorserve-booking.siliconstack.com.au/login]]>
    </line>
    <line>
      <![CDATA[Driver for Screenshot: ChromeDriver: chrome on WINDOWS (5bf5cca913ee3715858e97814b8dc5e6)]]>
    </line>
    <line>
      <![CDATA[Screenshot taken current URL: https://motorserve-booking.siliconstack.com.au/login]]>
    </line>
    <line>
      <![CDATA[Driver for Screenshot: ChromeDriver: chrome on WINDOWS (5bf5cca913ee3715858e97814b8dc5e6)]]>
    </line>
    <line>
      <![CDATA[Screenshot taken current URL: https://motorserve-booking.siliconstack.com.au/login]]>
    </line>
    <line>
      <![CDATA[Driver for Screenshot: ChromeDriver: chrome on WINDOWS (5bf5cca913ee3715858e97814b8dc5e6)]]>
    </line>
    <line>
      <![CDATA[Screenshot taken current URL: https://motorserve-booking.siliconstack.com.au/login]]>
    </line>
    <line>
      <![CDATA[Driver for Screenshot: ChromeDriver: chrome on WINDOWS (5bf5cca913ee3715858e97814b8dc5e6)]]>
    </line>
    <line>
      <![CDATA[Screenshot taken current URL: https://motorserve-booking.siliconstack.com.au/login]]>
    </line>
    <line>
      <![CDATA[Driver for Screenshot: ChromeDriver: chrome on WINDOWS (5bf5cca913ee3715858e97814b8dc5e6)]]>
    </line>
    <line>
      <![CDATA[Screenshot taken current URL: https://motorserve-booking.siliconstack.com.au/login]]>
    </line>
    <line>
      <![CDATA[Driver for Screenshot: ChromeDriver: chrome on WINDOWS (5bf5cca913ee3715858e97814b8dc5e6)]]>
    </line>
    <line>
      <![CDATA[Screenshot taken current URL: https://motorserve-booking.siliconstack.com.au/login]]>
    </line>
    <line>
      <![CDATA[Driver for Screenshot: ChromeDriver: chrome on WINDOWS (5bf5cca913ee3715858e97814b8dc5e6)]]>
    </line>
    <line>
      <![CDATA[Screenshot taken current URL: https://motorserve-booking.siliconstack.com.au/login]]>
    </line>
    <line>
      <![CDATA[Driver for Screenshot: ChromeDriver: chrome on WINDOWS (5bf5cca913ee3715858e97814b8dc5e6)]]>
    </line>
    <line>
      <![CDATA[Screenshot taken current URL: https://motorserve-booking.siliconstack.com.au/login]]>
    </line>
    <line>
      <![CDATA[Driver for Screenshot: ChromeDriver: chrome on WINDOWS (5bf5cca913ee3715858e97814b8dc5e6)]]>
    </line>
    <line>
      <![CDATA[Screenshot taken current URL: https://motorserve-booking.siliconstack.com.au/login]]>
    </line>
    <line>
      <![CDATA[Driver for Screenshot: ChromeDriver: chrome on WINDOWS (5bf5cca913ee3715858e97814b8dc5e6)]]>
    </line>
    <line>
      <![CDATA[Screenshot taken current URL: https://motorserve-booking.siliconstack.com.au/login]]>
    </line>
    <line>
      <![CDATA[Driver for Screenshot: ChromeDriver: chrome on WINDOWS (5bf5cca913ee3715858e97814b8dc5e6)]]>
    </line>
    <line>
      <![CDATA[Screenshot taken current URL: https://motorserve-booking.siliconstack.com.au/forgot-password]]>
    </line>
    <line>
      <![CDATA[Driver for Screenshot: ChromeDriver: chrome on WINDOWS (5bf5cca913ee3715858e97814b8dc5e6)]]>
    </line>
    <line>
      <![CDATA[Screenshot taken current URL: https://motorserve-booking.siliconstack.com.au/login]]>
    </line>
    <line>
      <![CDATA[Driver for Screenshot: ChromeDriver: chrome on WINDOWS (5bf5cca913ee3715858e97814b8dc5e6)]]>
    </line>
    <line>
      <![CDATA[Screenshot taken current URL: https://motorserve-booking.siliconstack.com.au/login]]>
    </line>
    <line>
      <![CDATA[Driver for Screenshot: ChromeDriver: chrome on WINDOWS (5bf5cca913ee3715858e97814b8dc5e6)]]>
    </line>
    <line>
      <![CDATA[Screenshot taken current URL: https://motorserve-booking.siliconstack.com.au/login]]>
    </line>
    <line>
      <![CDATA[Driver for Screenshot: ChromeDriver: chrome on WINDOWS (5bf5cca913ee3715858e97814b8dc5e6)]]>
    </line>
    <line>
      <![CDATA[Screenshot taken current URL: https://motorserve-booking.siliconstack.com.au/login]]>
    </line>
    <line>
      <![CDATA[Driver for Screenshot: ChromeDriver: chrome on WINDOWS (5bf5cca913ee3715858e97814b8dc5e6)]]>
    </line>
    <line>
      <![CDATA[Screenshot taken current URL: https://motorserve-booking.siliconstack.com.au/register]]>
    </line>
    <line>
      <![CDATA[Driver for Screenshot: ChromeDriver: chrome on WINDOWS (5bf5cca913ee3715858e97814b8dc5e6)]]>
    </line>
    <line>
      <![CDATA[Screenshot taken current URL: https://motorserve-booking.siliconstack.com.au/]]>
    </line>
    <line>
      <![CDATA[Driver for Screenshot: ChromeDriver: chrome on WINDOWS (5bf5cca913ee3715858e97814b8dc5e6)]]>
    </line>
    <line>
      <![CDATA[Screenshot taken current URL: https://motorserve-booking.siliconstack.com.au/login]]>
    </line>
  </reporter-output>
  <suite started-at="2024-12-18T09:28:27 ICT" name="Report_Testing_EasyEngine" finished-at="2024-12-18T09:38:26 ICT" duration-ms="599907">
    <groups>
    </groups>
    <test started-at="2024-12-18T09:28:27 ICT" name="Test_Suite_Motoserve_UAT" finished-at="2024-12-18T09:38:26 ICT" duration-ms="599907">
      <class name="com.easyserv.testcases.Motoserve.LoginTest">
        <test-method is-config="true" signature="setup()[pri:0, instance:com.easyserv.testcases.Motoserve.LoginTest@6379eb]" started-at="2024-12-18T09:36:30 ICT" name="setup" finished-at="2024-12-18T09:36:30 ICT" duration-ms="9" status="PASS">
          <reporter-output>
          </reporter-output>
        </test-method> <!-- setup -->
        <test-method signature="LoginTest_TC001()[pri:1, instance:com.easyserv.testcases.Motoserve.LoginTest@6379eb]" started-at="2024-12-18T09:36:30 ICT" name="LoginTest_TC001" description="Verify UI of &quot;Login&quot; Screen  _001" finished-at="2024-12-18T09:36:31 ICT" duration-ms="1554" status="PASS">
          <reporter-output>
          </reporter-output>
        </test-method> <!-- LoginTest_TC001 -->
        <test-method is-config="true" signature="takeScreenshot(org.testng.ITestResult,java.lang.String)[pri:0, instance:com.easyserv.testcases.Motoserve.LoginTest@6379eb]" started-at="2024-12-18T09:36:32 ICT" name="takeScreenshot" finished-at="2024-12-18T09:36:33 ICT" duration-ms="1305" status="PASS">
          <params>
            <param index="0">
              <value>
                <![CDATA[[TestResult name=LoginTest_TC001 status=SUCCESS method=LoginTest.LoginTest_TC001()[pri:1, instance:com.easyserv.testcases.Motoserve.LoginTest@6379eb] output={null}]]]>
              </value>
            </param>
            <param index="1">
              <value>
                <![CDATA[https://motorserve-booking.siliconstack.com.au/]]>
              </value>
            </param>
          </params>
          <reporter-output>
            <line>
              <![CDATA[Driver for Screenshot: ChromeDriver: chrome on WINDOWS (5bf5cca913ee3715858e97814b8dc5e6)]]>
            </line>
            <line>
              <![CDATA[Screenshot taken current URL: https://motorserve-booking.siliconstack.com.au/login]]>
            </line>
          </reporter-output>
        </test-method> <!-- takeScreenshot -->
        <test-method signature="LoginTest_TC002()[pri:2, instance:com.easyserv.testcases.Motoserve.LoginTest@6379eb]" started-at="2024-12-18T09:36:33 ICT" name="LoginTest_TC002" description="Verify user can enter user&#039;s email in textbox &lt;Email&gt; on &quot;Log In&quot; screen  _002" finished-at="2024-12-18T09:36:35 ICT" duration-ms="1779" status="PASS">
          <reporter-output>
          </reporter-output>
        </test-method> <!-- LoginTest_TC002 -->
        <test-method is-config="true" signature="takeScreenshot(org.testng.ITestResult,java.lang.String)[pri:0, instance:com.easyserv.testcases.Motoserve.LoginTest@6379eb]" started-at="2024-12-18T09:36:35 ICT" name="takeScreenshot" finished-at="2024-12-18T09:36:36 ICT" duration-ms="987" status="PASS">
          <params>
            <param index="0">
              <value>
                <![CDATA[[TestResult name=LoginTest_TC002 status=SUCCESS method=LoginTest.LoginTest_TC002()[pri:2, instance:com.easyserv.testcases.Motoserve.LoginTest@6379eb] output={null}]]]>
              </value>
            </param>
            <param index="1">
              <value>
                <![CDATA[https://motorserve-booking.siliconstack.com.au/]]>
              </value>
            </param>
          </params>
          <reporter-output>
            <line>
              <![CDATA[Driver for Screenshot: ChromeDriver: chrome on WINDOWS (5bf5cca913ee3715858e97814b8dc5e6)]]>
            </line>
            <line>
              <![CDATA[Screenshot taken current URL: https://motorserve-booking.siliconstack.com.au/login]]>
            </line>
          </reporter-output>
        </test-method> <!-- takeScreenshot -->
        <test-method signature="LoginTest_TC003()[pri:3, instance:com.easyserv.testcases.Motoserve.LoginTest@6379eb]" started-at="2024-12-18T09:36:36 ICT" name="LoginTest_TC003" description="Verify user can enter user&#039;s password in textbox &lt;Enter your password&gt; on &quot;Log In&quot; screen  _003" finished-at="2024-12-18T09:36:38 ICT" duration-ms="1716" status="PASS">
          <reporter-output>
          </reporter-output>
        </test-method> <!-- LoginTest_TC003 -->
        <test-method is-config="true" signature="takeScreenshot(org.testng.ITestResult,java.lang.String)[pri:0, instance:com.easyserv.testcases.Motoserve.LoginTest@6379eb]" started-at="2024-12-18T09:36:38 ICT" name="takeScreenshot" finished-at="2024-12-18T09:36:39 ICT" duration-ms="1150" status="PASS">
          <params>
            <param index="0">
              <value>
                <![CDATA[[TestResult name=LoginTest_TC003 status=SUCCESS method=LoginTest.LoginTest_TC003()[pri:3, instance:com.easyserv.testcases.Motoserve.LoginTest@6379eb] output={null}]]]>
              </value>
            </param>
            <param index="1">
              <value>
                <![CDATA[https://motorserve-booking.siliconstack.com.au/]]>
              </value>
            </param>
          </params>
          <reporter-output>
            <line>
              <![CDATA[Driver for Screenshot: ChromeDriver: chrome on WINDOWS (5bf5cca913ee3715858e97814b8dc5e6)]]>
            </line>
            <line>
              <![CDATA[Screenshot taken current URL: https://motorserve-booking.siliconstack.com.au/login]]>
            </line>
          </reporter-output>
        </test-method> <!-- takeScreenshot -->
        <test-method signature="LoginTest_TC004()[pri:4, instance:com.easyserv.testcases.Motoserve.LoginTest@6379eb]" started-at="2024-12-18T09:36:39 ICT" name="LoginTest_TC004" description="Verify user can click &lt;LOGIN&gt; button on &quot;Login&quot; screen  _003" finished-at="2024-12-18T09:36:42 ICT" duration-ms="3130" status="FAIL">
          <exception class="java.lang.AssertionError">
            <message>
              <![CDATA[expected [Login successful] but found [Your User Name and Password combination is not correct. Please try again]]]>
            </message>
            <full-stacktrace>
              <![CDATA[java.lang.AssertionError: expected [Login successful] but found [Your User Name and Password combination is not correct. Please try again]
at org.testng.Assert.fail(Assert.java:99)
at org.testng.Assert.failNotEquals(Assert.java:1037)
at org.testng.Assert.assertEqualsImpl(Assert.java:140)
at org.testng.Assert.assertEquals(Assert.java:122)
at org.testng.Assert.assertEquals(Assert.java:629)
at org.testng.Assert.assertEquals(Assert.java:639)
at com.easyserv.testcases.Motoserve.LoginTest.LoginTest_TC004(LoginTest.java:46)
at java.base/jdk.internal.reflect.DirectMethodHandleAccessor.invoke(DirectMethodHandleAccessor.java:104)
at java.base/java.lang.reflect.Method.invoke(Method.java:578)
at org.testng.internal.MethodInvocationHelper.invokeMethod(MethodInvocationHelper.java:133)
at org.testng.internal.TestInvoker.invokeMethod(TestInvoker.java:598)
at org.testng.internal.TestInvoker.invokeTestMethod(TestInvoker.java:173)
at org.testng.internal.MethodRunner.runInSequence(MethodRunner.java:46)
at org.testng.internal.TestInvoker$MethodInvocationAgent.invoke(TestInvoker.java:824)
at org.testng.internal.TestInvoker.invokeTestMethods(TestInvoker.java:146)
at org.testng.internal.TestMethodWorker.invokeTestMethods(TestMethodWorker.java:146)
at org.testng.internal.TestMethodWorker.run(TestMethodWorker.java:128)
at java.base/java.util.ArrayList.forEach(ArrayList.java:1511)
at org.testng.TestRunner.privateRun(TestRunner.java:794)
at org.testng.TestRunner.run(TestRunner.java:596)
at org.testng.SuiteRunner.runTest(SuiteRunner.java:377)
at org.testng.SuiteRunner.runSequentially(SuiteRunner.java:371)
at org.testng.SuiteRunner.privateRun(SuiteRunner.java:332)
at org.testng.SuiteRunner.run(SuiteRunner.java:276)
at org.testng.SuiteRunnerWorker.runSuite(SuiteRunnerWorker.java:53)
at org.testng.SuiteRunnerWorker.run(SuiteRunnerWorker.java:96)
at org.testng.TestNG.runSuitesSequentially(TestNG.java:1212)
at org.testng.TestNG.runSuitesLocally(TestNG.java:1134)
at org.testng.TestNG.runSuites(TestNG.java:1063)
at org.testng.TestNG.run(TestNG.java:1031)
at org.apache.maven.surefire.testng.TestNGExecutor.run(TestNGExecutor.java:308)
at org.apache.maven.surefire.testng.TestNGXmlTestSuite.execute(TestNGXmlTestSuite.java:71)
at org.apache.maven.surefire.testng.TestNGProvider.invoke(TestNGProvider.java:113)
at org.apache.maven.surefire.booter.ForkedBooter.runSuitesInProcess(ForkedBooter.java:385)
at org.apache.maven.surefire.booter.ForkedBooter.execute(ForkedBooter.java:162)
at org.apache.maven.surefire.booter.ForkedBooter.run(ForkedBooter.java:507)
at org.apache.maven.surefire.booter.ForkedBooter.main(ForkedBooter.java:495)
]]>
            </full-stacktrace>
          </exception> <!-- java.lang.AssertionError -->
          <reporter-output>
          </reporter-output>
        </test-method> <!-- LoginTest_TC004 -->
        <test-method is-config="true" signature="takeScreenshot(org.testng.ITestResult,java.lang.String)[pri:0, instance:com.easyserv.testcases.Motoserve.LoginTest@6379eb]" started-at="2024-12-18T09:36:43 ICT" name="takeScreenshot" finished-at="2024-12-18T09:36:44 ICT" duration-ms="1334" status="PASS">
          <params>
            <param index="0">
              <value>
                <![CDATA[[TestResult name=LoginTest_TC004 status=FAILURE method=LoginTest.LoginTest_TC004()[pri:4, instance:com.easyserv.testcases.Motoserve.LoginTest@6379eb] output={null}]]]>
              </value>
            </param>
            <param index="1">
              <value>
                <![CDATA[https://motorserve-booking.siliconstack.com.au/]]>
              </value>
            </param>
          </params>
          <reporter-output>
            <line>
              <![CDATA[Driver for Screenshot: ChromeDriver: chrome on WINDOWS (5bf5cca913ee3715858e97814b8dc5e6)]]>
            </line>
            <line>
              <![CDATA[Screenshot taken current URL: https://motorserve-booking.siliconstack.com.au/login]]>
            </line>
          </reporter-output>
        </test-method> <!-- takeScreenshot -->
        <test-method signature="LoginTest_TC005()[pri:5, instance:com.easyserv.testcases.Motoserve.LoginTest@6379eb]" started-at="2024-12-18T09:36:44 ICT" name="LoginTest_TC005" description="Verify system in case missing &quot;email&quot; field  _005" finished-at="2024-12-18T09:36:46 ICT" duration-ms="2542" status="PASS">
          <reporter-output>
          </reporter-output>
        </test-method> <!-- LoginTest_TC005 -->
        <test-method is-config="true" signature="takeScreenshot(org.testng.ITestResult,java.lang.String)[pri:0, instance:com.easyserv.testcases.Motoserve.LoginTest@6379eb]" started-at="2024-12-18T09:36:47 ICT" name="takeScreenshot" finished-at="2024-12-18T09:36:48 ICT" duration-ms="1158" status="PASS">
          <params>
            <param index="0">
              <value>
                <![CDATA[[TestResult name=LoginTest_TC005 status=SUCCESS method=LoginTest.LoginTest_TC005()[pri:5, instance:com.easyserv.testcases.Motoserve.LoginTest@6379eb] output={null}]]]>
              </value>
            </param>
            <param index="1">
              <value>
                <![CDATA[https://motorserve-booking.siliconstack.com.au/]]>
              </value>
            </param>
          </params>
          <reporter-output>
            <line>
              <![CDATA[Driver for Screenshot: ChromeDriver: chrome on WINDOWS (5bf5cca913ee3715858e97814b8dc5e6)]]>
            </line>
            <line>
              <![CDATA[Screenshot taken current URL: https://motorserve-booking.siliconstack.com.au/login]]>
            </line>
          </reporter-output>
        </test-method> <!-- takeScreenshot -->
        <test-method signature="LoginTest_TC006()[pri:6, instance:com.easyserv.testcases.Motoserve.LoginTest@6379eb]" started-at="2024-12-18T09:36:48 ICT" name="LoginTest_TC006" description="Verify user can&#039;t input more than 50 characters for &lt;Email&gt; textbox on &quot;Login&quot; screen  _006" finished-at="2024-12-18T09:36:50 ICT" duration-ms="2069" status="PASS">
          <reporter-output>
          </reporter-output>
        </test-method> <!-- LoginTest_TC006 -->
        <test-method is-config="true" signature="takeScreenshot(org.testng.ITestResult,java.lang.String)[pri:0, instance:com.easyserv.testcases.Motoserve.LoginTest@6379eb]" started-at="2024-12-18T09:36:50 ICT" name="takeScreenshot" finished-at="2024-12-18T09:36:51 ICT" duration-ms="1024" status="PASS">
          <params>
            <param index="0">
              <value>
                <![CDATA[[TestResult name=LoginTest_TC006 status=SUCCESS method=LoginTest.LoginTest_TC006()[pri:6, instance:com.easyserv.testcases.Motoserve.LoginTest@6379eb] output={null}]]]>
              </value>
            </param>
            <param index="1">
              <value>
                <![CDATA[https://motorserve-booking.siliconstack.com.au/]]>
              </value>
            </param>
          </params>
          <reporter-output>
            <line>
              <![CDATA[Driver for Screenshot: ChromeDriver: chrome on WINDOWS (5bf5cca913ee3715858e97814b8dc5e6)]]>
            </line>
            <line>
              <![CDATA[Screenshot taken current URL: https://motorserve-booking.siliconstack.com.au/login]]>
            </line>
          </reporter-output>
        </test-method> <!-- takeScreenshot -->
        <test-method signature="LoginTest_TC007()[pri:7, instance:com.easyserv.testcases.Motoserve.LoginTest@6379eb]" started-at="2024-12-18T09:36:51 ICT" name="LoginTest_TC007" description="Verify user can&#039;t input invalid characters for &lt;Email&gt; textbox on &quot;Login&quot; screen  _007" finished-at="2024-12-18T09:36:53 ICT" duration-ms="1785" status="PASS">
          <reporter-output>
          </reporter-output>
        </test-method> <!-- LoginTest_TC007 -->
        <test-method is-config="true" signature="takeScreenshot(org.testng.ITestResult,java.lang.String)[pri:0, instance:com.easyserv.testcases.Motoserve.LoginTest@6379eb]" started-at="2024-12-18T09:36:53 ICT" name="takeScreenshot" finished-at="2024-12-18T09:36:55 ICT" duration-ms="1274" status="PASS">
          <params>
            <param index="0">
              <value>
                <![CDATA[[TestResult name=LoginTest_TC007 status=SUCCESS method=LoginTest.LoginTest_TC007()[pri:7, instance:com.easyserv.testcases.Motoserve.LoginTest@6379eb] output={null}]]]>
              </value>
            </param>
            <param index="1">
              <value>
                <![CDATA[https://motorserve-booking.siliconstack.com.au/]]>
              </value>
            </param>
          </params>
          <reporter-output>
            <line>
              <![CDATA[Driver for Screenshot: ChromeDriver: chrome on WINDOWS (5bf5cca913ee3715858e97814b8dc5e6)]]>
            </line>
            <line>
              <![CDATA[Screenshot taken current URL: https://motorserve-booking.siliconstack.com.au/login]]>
            </line>
          </reporter-output>
        </test-method> <!-- takeScreenshot -->
        <test-method signature="LoginTest_TC008()[pri:8, instance:com.easyserv.testcases.Motoserve.LoginTest@6379eb]" started-at="2024-12-18T09:36:55 ICT" name="LoginTest_TC008" description="Verify system in case missing &quot;Password&quot; field  _008" finished-at="2024-12-18T09:36:57 ICT" duration-ms="2684" status="PASS">
          <reporter-output>
          </reporter-output>
        </test-method> <!-- LoginTest_TC008 -->
        <test-method is-config="true" signature="takeScreenshot(org.testng.ITestResult,java.lang.String)[pri:0, instance:com.easyserv.testcases.Motoserve.LoginTest@6379eb]" started-at="2024-12-18T09:36:58 ICT" name="takeScreenshot" finished-at="2024-12-18T09:36:59 ICT" duration-ms="1070" status="PASS">
          <params>
            <param index="0">
              <value>
                <![CDATA[[TestResult name=LoginTest_TC008 status=SUCCESS method=LoginTest.LoginTest_TC008()[pri:8, instance:com.easyserv.testcases.Motoserve.LoginTest@6379eb] output={null}]]]>
              </value>
            </param>
            <param index="1">
              <value>
                <![CDATA[https://motorserve-booking.siliconstack.com.au/]]>
              </value>
            </param>
          </params>
          <reporter-output>
            <line>
              <![CDATA[Driver for Screenshot: ChromeDriver: chrome on WINDOWS (5bf5cca913ee3715858e97814b8dc5e6)]]>
            </line>
            <line>
              <![CDATA[Screenshot taken current URL: https://motorserve-booking.siliconstack.com.au/login]]>
            </line>
          </reporter-output>
        </test-method> <!-- takeScreenshot -->
        <test-method signature="LoginTest_TC009()[pri:9, instance:com.easyserv.testcases.Motoserve.LoginTest@6379eb]" started-at="2024-12-18T09:36:59 ICT" name="LoginTest_TC009" description="Verify user can&#039;t input more than 20 character for &lt;Password&gt; textbox on &quot;Login&quot; screen  _009" finished-at="2024-12-18T09:37:01 ICT" duration-ms="2406" status="PASS">
          <reporter-output>
          </reporter-output>
        </test-method> <!-- LoginTest_TC009 -->
        <test-method is-config="true" signature="takeScreenshot(org.testng.ITestResult,java.lang.String)[pri:0, instance:com.easyserv.testcases.Motoserve.LoginTest@6379eb]" started-at="2024-12-18T09:37:01 ICT" name="takeScreenshot" finished-at="2024-12-18T09:37:02 ICT" duration-ms="1126" status="PASS">
          <params>
            <param index="0">
              <value>
                <![CDATA[[TestResult name=LoginTest_TC009 status=SUCCESS method=LoginTest.LoginTest_TC009()[pri:9, instance:com.easyserv.testcases.Motoserve.LoginTest@6379eb] output={null}]]]>
              </value>
            </param>
            <param index="1">
              <value>
                <![CDATA[https://motorserve-booking.siliconstack.com.au/]]>
              </value>
            </param>
          </params>
          <reporter-output>
            <line>
              <![CDATA[Driver for Screenshot: ChromeDriver: chrome on WINDOWS (5bf5cca913ee3715858e97814b8dc5e6)]]>
            </line>
            <line>
              <![CDATA[Screenshot taken current URL: https://motorserve-booking.siliconstack.com.au/login]]>
            </line>
          </reporter-output>
        </test-method> <!-- takeScreenshot -->
        <test-method signature="LoginTest_TC010()[pri:10, instance:com.easyserv.testcases.Motoserve.LoginTest@6379eb]" started-at="2024-12-18T09:37:02 ICT" name="LoginTest_TC010" description="Verify status Login Button after user enter valid email/pass _010" finished-at="2024-12-18T09:37:05 ICT" duration-ms="2296" status="PASS">
          <reporter-output>
          </reporter-output>
        </test-method> <!-- LoginTest_TC010 -->
        <test-method is-config="true" signature="takeScreenshot(org.testng.ITestResult,java.lang.String)[pri:0, instance:com.easyserv.testcases.Motoserve.LoginTest@6379eb]" started-at="2024-12-18T09:37:05 ICT" name="takeScreenshot" finished-at="2024-12-18T09:37:06 ICT" duration-ms="1070" status="PASS">
          <params>
            <param index="0">
              <value>
                <![CDATA[[TestResult name=LoginTest_TC010 status=SUCCESS method=LoginTest.LoginTest_TC010()[pri:10, instance:com.easyserv.testcases.Motoserve.LoginTest@6379eb] output={null}]]]>
              </value>
            </param>
            <param index="1">
              <value>
                <![CDATA[https://motorserve-booking.siliconstack.com.au/]]>
              </value>
            </param>
          </params>
          <reporter-output>
            <line>
              <![CDATA[Driver for Screenshot: ChromeDriver: chrome on WINDOWS (5bf5cca913ee3715858e97814b8dc5e6)]]>
            </line>
            <line>
              <![CDATA[Screenshot taken current URL: https://motorserve-booking.siliconstack.com.au/login]]>
            </line>
          </reporter-output>
        </test-method> <!-- takeScreenshot -->
        <test-method signature="LoginTest_TC011(java.lang.String,java.lang.String)[pri:11, instance:com.easyserv.testcases.Motoserve.LoginTest@6379eb]" started-at="2024-12-18T09:37:06 ICT" name="LoginTest_TC011" description="Verify System allow user select &quot;Login&quot; button to login _011" data-provider="data_Login" finished-at="2024-12-18T09:37:08 ICT" duration-ms="2180" status="PASS">
          <params>
            <param index="0">
              <value>
                <![CDATA[49]]>
              </value>
            </param>
            <param index="1">
              <value>
                <![CDATA[12345678]]>
              </value>
            </param>
          </params>
          <reporter-output>
          </reporter-output>
        </test-method> <!-- LoginTest_TC011 -->
        <test-method is-config="true" signature="takeScreenshot(org.testng.ITestResult,java.lang.String)[pri:0, instance:com.easyserv.testcases.Motoserve.LoginTest@6379eb]" started-at="2024-12-18T09:37:09 ICT" name="takeScreenshot" finished-at="2024-12-18T09:37:10 ICT" duration-ms="1082" status="PASS">
          <params>
            <param index="0">
              <value>
                <![CDATA[[TestResult name=LoginTest_TC011 status=SUCCESS method=LoginTest.LoginTest_TC011(java.lang.String,java.lang.String)[pri:11, instance:com.easyserv.testcases.Motoserve.LoginTest@6379eb] output={null}]]]>
              </value>
            </param>
            <param index="1">
              <value>
                <![CDATA[https://motorserve-booking.siliconstack.com.au/]]>
              </value>
            </param>
          </params>
          <reporter-output>
            <line>
              <![CDATA[Driver for Screenshot: ChromeDriver: chrome on WINDOWS (5bf5cca913ee3715858e97814b8dc5e6)]]>
            </line>
            <line>
              <![CDATA[Screenshot taken current URL: https://motorserve-booking.siliconstack.com.au/login]]>
            </line>
          </reporter-output>
        </test-method> <!-- takeScreenshot -->
        <test-method signature="LoginTest_TC011(java.lang.String,java.lang.String)[pri:11, instance:com.easyserv.testcases.Motoserve.LoginTest@6379eb]" started-at="2024-12-18T09:37:10 ICT" name="LoginTest_TC011" description="Verify System allow user select &quot;Login&quot; button to login _011" data-provider="data_Login" finished-at="2024-12-18T09:37:12 ICT" duration-ms="2172" status="PASS">
          <params>
            <param index="0">
              <value>
                <![CDATA[anh@gmail.com]]>
              </value>
            </param>
            <param index="1">
              <value>
                <![CDATA[1234678]]>
              </value>
            </param>
          </params>
          <reporter-output>
          </reporter-output>
        </test-method> <!-- LoginTest_TC011 -->
        <test-method is-config="true" signature="takeScreenshot(org.testng.ITestResult,java.lang.String)[pri:0, instance:com.easyserv.testcases.Motoserve.LoginTest@6379eb]" started-at="2024-12-18T09:37:12 ICT" name="takeScreenshot" finished-at="2024-12-18T09:37:13 ICT" duration-ms="1156" status="PASS">
          <params>
            <param index="0">
              <value>
                <![CDATA[[TestResult name=LoginTest_TC011 status=SUCCESS method=LoginTest.LoginTest_TC011(java.lang.String,java.lang.String)[pri:11, instance:com.easyserv.testcases.Motoserve.LoginTest@6379eb] output={null}]]]>
              </value>
            </param>
            <param index="1">
              <value>
                <![CDATA[https://motorserve-booking.siliconstack.com.au/]]>
              </value>
            </param>
          </params>
          <reporter-output>
            <line>
              <![CDATA[Driver for Screenshot: ChromeDriver: chrome on WINDOWS (5bf5cca913ee3715858e97814b8dc5e6)]]>
            </line>
            <line>
              <![CDATA[Screenshot taken current URL: https://motorserve-booking.siliconstack.com.au/login]]>
            </line>
          </reporter-output>
        </test-method> <!-- takeScreenshot -->
        <test-method signature="LoginTest_TC011(java.lang.String,java.lang.String)[pri:11, instance:com.easyserv.testcases.Motoserve.LoginTest@6379eb]" started-at="2024-12-18T09:37:13 ICT" name="LoginTest_TC011" description="Verify System allow user select &quot;Login&quot; button to login _011" data-provider="data_Login" finished-at="2024-12-18T09:37:15 ICT" duration-ms="2144" status="PASS">
          <params>
            <param index="0">
              <value>
                <![CDATA[anh@gmail.com]]>
              </value>
            </param>
            <param index="1">
              <value>
                <![CDATA[1]]>
              </value>
            </param>
          </params>
          <reporter-output>
          </reporter-output>
        </test-method> <!-- LoginTest_TC011 -->
        <test-method is-config="true" signature="takeScreenshot(org.testng.ITestResult,java.lang.String)[pri:0, instance:com.easyserv.testcases.Motoserve.LoginTest@6379eb]" started-at="2024-12-18T09:37:16 ICT" name="takeScreenshot" finished-at="2024-12-18T09:37:17 ICT" duration-ms="1034" status="PASS">
          <params>
            <param index="0">
              <value>
                <![CDATA[[TestResult name=LoginTest_TC011 status=SUCCESS method=LoginTest.LoginTest_TC011(java.lang.String,java.lang.String)[pri:11, instance:com.easyserv.testcases.Motoserve.LoginTest@6379eb] output={null}]]]>
              </value>
            </param>
            <param index="1">
              <value>
                <![CDATA[https://motorserve-booking.siliconstack.com.au/]]>
              </value>
            </param>
          </params>
          <reporter-output>
            <line>
              <![CDATA[Driver for Screenshot: ChromeDriver: chrome on WINDOWS (5bf5cca913ee3715858e97814b8dc5e6)]]>
            </line>
            <line>
              <![CDATA[Screenshot taken current URL: https://motorserve-booking.siliconstack.com.au/login]]>
            </line>
          </reporter-output>
        </test-method> <!-- takeScreenshot -->
        <test-method signature="LoginTest_TC011(java.lang.String,java.lang.String)[pri:11, instance:com.easyserv.testcases.Motoserve.LoginTest@6379eb]" started-at="2024-12-18T09:37:17 ICT" name="LoginTest_TC011" description="Verify System allow user select &quot;Login&quot; button to login _011" data-provider="data_Login" finished-at="2024-12-18T09:37:19 ICT" duration-ms="2315" status="PASS">
          <params>
            <param index="0">
              <value>
                <![CDATA[anh@gmail.com]]>
              </value>
            </param>
            <param index="1">
              <value>
                <![CDATA[Testing1233333333333]]>
              </value>
            </param>
          </params>
          <reporter-output>
          </reporter-output>
        </test-method> <!-- LoginTest_TC011 -->
        <test-method is-config="true" signature="takeScreenshot(org.testng.ITestResult,java.lang.String)[pri:0, instance:com.easyserv.testcases.Motoserve.LoginTest@6379eb]" started-at="2024-12-18T09:37:19 ICT" name="takeScreenshot" finished-at="2024-12-18T09:37:20 ICT" duration-ms="1080" status="PASS">
          <params>
            <param index="0">
              <value>
                <![CDATA[[TestResult name=LoginTest_TC011 status=SUCCESS method=LoginTest.LoginTest_TC011(java.lang.String,java.lang.String)[pri:11, instance:com.easyserv.testcases.Motoserve.LoginTest@6379eb] output={null}]]]>
              </value>
            </param>
            <param index="1">
              <value>
                <![CDATA[https://motorserve-booking.siliconstack.com.au/]]>
              </value>
            </param>
          </params>
          <reporter-output>
            <line>
              <![CDATA[Driver for Screenshot: ChromeDriver: chrome on WINDOWS (5bf5cca913ee3715858e97814b8dc5e6)]]>
            </line>
            <line>
              <![CDATA[Screenshot taken current URL: https://motorserve-booking.siliconstack.com.au/login]]>
            </line>
          </reporter-output>
        </test-method> <!-- takeScreenshot -->
        <test-method signature="LoginTest_TC011(java.lang.String,java.lang.String)[pri:11, instance:com.easyserv.testcases.Motoserve.LoginTest@6379eb]" started-at="2024-12-18T09:37:20 ICT" name="LoginTest_TC011" description="Verify System allow user select &quot;Login&quot; button to login _011" data-provider="data_Login" finished-at="2024-12-18T09:37:23 ICT" duration-ms="2283" status="PASS">
          <params>
            <param index="0">
              <value>
                <![CDATA[anh@gmail.com]]>
              </value>
            </param>
            <param index="1">
              <value>
                <![CDATA[Testing123333333334]]>
              </value>
            </param>
          </params>
          <reporter-output>
          </reporter-output>
        </test-method> <!-- LoginTest_TC011 -->
        <test-method is-config="true" signature="takeScreenshot(org.testng.ITestResult,java.lang.String)[pri:0, instance:com.easyserv.testcases.Motoserve.LoginTest@6379eb]" started-at="2024-12-18T09:37:23 ICT" name="takeScreenshot" finished-at="2024-12-18T09:37:24 ICT" duration-ms="1049" status="PASS">
          <params>
            <param index="0">
              <value>
                <![CDATA[[TestResult name=LoginTest_TC011 status=SUCCESS method=LoginTest.LoginTest_TC011(java.lang.String,java.lang.String)[pri:11, instance:com.easyserv.testcases.Motoserve.LoginTest@6379eb] output={null}]]]>
              </value>
            </param>
            <param index="1">
              <value>
                <![CDATA[https://motorserve-booking.siliconstack.com.au/]]>
              </value>
            </param>
          </params>
          <reporter-output>
            <line>
              <![CDATA[Driver for Screenshot: ChromeDriver: chrome on WINDOWS (5bf5cca913ee3715858e97814b8dc5e6)]]>
            </line>
            <line>
              <![CDATA[Screenshot taken current URL: https://motorserve-booking.siliconstack.com.au/login]]>
            </line>
          </reporter-output>
        </test-method> <!-- takeScreenshot -->
        <test-method signature="LoginTest_TC012()[pri:12, instance:com.easyserv.testcases.Motoserve.LoginTest@6379eb]" started-at="2024-12-18T09:37:24 ICT" name="LoginTest_TC012" description="Verify user can click &lt;Forgot password?&gt; hyperlink on &quot;Login&quot; screen _012" finished-at="2024-12-18T09:37:27 ICT" duration-ms="2552" status="PASS">
          <reporter-output>
          </reporter-output>
        </test-method> <!-- LoginTest_TC012 -->
        <test-method is-config="true" signature="takeScreenshot(org.testng.ITestResult,java.lang.String)[pri:0, instance:com.easyserv.testcases.Motoserve.LoginTest@6379eb]" started-at="2024-12-18T09:37:27 ICT" name="takeScreenshot" finished-at="2024-12-18T09:37:28 ICT" duration-ms="1163" status="PASS">
          <params>
            <param index="0">
              <value>
                <![CDATA[[TestResult name=LoginTest_TC012 status=SUCCESS method=LoginTest.LoginTest_TC012()[pri:12, instance:com.easyserv.testcases.Motoserve.LoginTest@6379eb] output={null}]]]>
              </value>
            </param>
            <param index="1">
              <value>
                <![CDATA[https://motorserve-booking.siliconstack.com.au/]]>
              </value>
            </param>
          </params>
          <reporter-output>
            <line>
              <![CDATA[Driver for Screenshot: ChromeDriver: chrome on WINDOWS (5bf5cca913ee3715858e97814b8dc5e6)]]>
            </line>
            <line>
              <![CDATA[Screenshot taken current URL: https://motorserve-booking.siliconstack.com.au/forgot-password]]>
            </line>
          </reporter-output>
        </test-method> <!-- takeScreenshot -->
        <test-method signature="LoginTest_TC013(java.lang.String,java.lang.String)[pri:13, instance:com.easyserv.testcases.Motoserve.LoginTest@6379eb]" started-at="2024-12-18T09:37:28 ICT" name="LoginTest_TC013" description="Verify system in case user enter email or pass is invalid _013" data-provider="data_Login_1" finished-at="2024-12-18T09:37:33 ICT" duration-ms="4938" status="PASS">
          <params>
            <param index="0">
              <value>
                <![CDATA[anh@gmail.com]]>
              </value>
            </param>
            <param index="1">
              <value>
                <![CDATA[12345678]]>
              </value>
            </param>
          </params>
          <reporter-output>
          </reporter-output>
        </test-method> <!-- LoginTest_TC013 -->
        <test-method is-config="true" signature="takeScreenshot(org.testng.ITestResult,java.lang.String)[pri:0, instance:com.easyserv.testcases.Motoserve.LoginTest@6379eb]" started-at="2024-12-18T09:37:33 ICT" name="takeScreenshot" finished-at="2024-12-18T09:37:34 ICT" duration-ms="812" status="PASS">
          <params>
            <param index="0">
              <value>
                <![CDATA[[TestResult name=LoginTest_TC013 status=SUCCESS method=LoginTest.LoginTest_TC013(java.lang.String,java.lang.String)[pri:13, instance:com.easyserv.testcases.Motoserve.LoginTest@6379eb] output={null}]]]>
              </value>
            </param>
            <param index="1">
              <value>
                <![CDATA[https://motorserve-booking.siliconstack.com.au/]]>
              </value>
            </param>
          </params>
          <reporter-output>
            <line>
              <![CDATA[Driver for Screenshot: ChromeDriver: chrome on WINDOWS (5bf5cca913ee3715858e97814b8dc5e6)]]>
            </line>
            <line>
              <![CDATA[Screenshot taken current URL: https://motorserve-booking.siliconstack.com.au/login]]>
            </line>
          </reporter-output>
        </test-method> <!-- takeScreenshot -->
        <test-method signature="LoginTest_TC013(java.lang.String,java.lang.String)[pri:13, instance:com.easyserv.testcases.Motoserve.LoginTest@6379eb]" started-at="2024-12-18T09:37:34 ICT" name="LoginTest_TC013" description="Verify system in case user enter email or pass is invalid _013" data-provider="data_Login_1" finished-at="2024-12-18T09:37:39 ICT" duration-ms="4605" status="PASS">
          <params>
            <param index="0">
              <value>
                <![CDATA[anh@gmail.com]]>
              </value>
            </param>
            <param index="1">
              <value>
                <![CDATA[1234567890123456789012]]>
              </value>
            </param>
          </params>
          <reporter-output>
          </reporter-output>
        </test-method> <!-- LoginTest_TC013 -->
        <test-method is-config="true" signature="takeScreenshot(org.testng.ITestResult,java.lang.String)[pri:0, instance:com.easyserv.testcases.Motoserve.LoginTest@6379eb]" started-at="2024-12-18T09:37:39 ICT" name="takeScreenshot" finished-at="2024-12-18T09:37:40 ICT" duration-ms="1084" status="PASS">
          <params>
            <param index="0">
              <value>
                <![CDATA[[TestResult name=LoginTest_TC013 status=SUCCESS method=LoginTest.LoginTest_TC013(java.lang.String,java.lang.String)[pri:13, instance:com.easyserv.testcases.Motoserve.LoginTest@6379eb] output={null}]]]>
              </value>
            </param>
            <param index="1">
              <value>
                <![CDATA[https://motorserve-booking.siliconstack.com.au/]]>
              </value>
            </param>
          </params>
          <reporter-output>
            <line>
              <![CDATA[Driver for Screenshot: ChromeDriver: chrome on WINDOWS (5bf5cca913ee3715858e97814b8dc5e6)]]>
            </line>
            <line>
              <![CDATA[Screenshot taken current URL: https://motorserve-booking.siliconstack.com.au/login]]>
            </line>
          </reporter-output>
        </test-method> <!-- takeScreenshot -->
        <test-method signature="LoginTest_TC013(java.lang.String,java.lang.String)[pri:13, instance:com.easyserv.testcases.Motoserve.LoginTest@6379eb]" started-at="2024-12-18T09:37:40 ICT" name="LoginTest_TC013" description="Verify system in case user enter email or pass is invalid _013" data-provider="data_Login_1" finished-at="2024-12-18T09:37:44 ICT" duration-ms="4414" status="PASS">
          <params>
            <param index="0">
              <value>
                <![CDATA[anh@gmail.com]]>
              </value>
            </param>
            <param index="1">
              <value>
                <![CDATA[12345678@]]>
              </value>
            </param>
          </params>
          <reporter-output>
          </reporter-output>
        </test-method> <!-- LoginTest_TC013 -->
        <test-method is-config="true" signature="takeScreenshot(org.testng.ITestResult,java.lang.String)[pri:0, instance:com.easyserv.testcases.Motoserve.LoginTest@6379eb]" started-at="2024-12-18T09:37:45 ICT" name="takeScreenshot" finished-at="2024-12-18T09:37:46 ICT" duration-ms="1120" status="PASS">
          <params>
            <param index="0">
              <value>
                <![CDATA[[TestResult name=LoginTest_TC013 status=SUCCESS method=LoginTest.LoginTest_TC013(java.lang.String,java.lang.String)[pri:13, instance:com.easyserv.testcases.Motoserve.LoginTest@6379eb] output={null}]]]>
              </value>
            </param>
            <param index="1">
              <value>
                <![CDATA[https://motorserve-booking.siliconstack.com.au/]]>
              </value>
            </param>
          </params>
          <reporter-output>
            <line>
              <![CDATA[Driver for Screenshot: ChromeDriver: chrome on WINDOWS (5bf5cca913ee3715858e97814b8dc5e6)]]>
            </line>
            <line>
              <![CDATA[Screenshot taken current URL: https://motorserve-booking.siliconstack.com.au/login]]>
            </line>
          </reporter-output>
        </test-method> <!-- takeScreenshot -->
        <test-method signature="LoginTest_TC013(java.lang.String,java.lang.String)[pri:13, instance:com.easyserv.testcases.Motoserve.LoginTest@6379eb]" started-at="2024-12-18T09:37:46 ICT" name="LoginTest_TC013" description="Verify system in case user enter email or pass is invalid _013" data-provider="data_Login_1" finished-at="2024-12-18T09:37:51 ICT" duration-ms="4772" status="PASS">
          <params>
            <param index="0">
              <value>
                <![CDATA[anh@gmail.com]]>
              </value>
            </param>
            <param index="1">
              <value>
                <![CDATA[Testing1233333333333]]>
              </value>
            </param>
          </params>
          <reporter-output>
          </reporter-output>
        </test-method> <!-- LoginTest_TC013 -->
        <test-method is-config="true" signature="takeScreenshot(org.testng.ITestResult,java.lang.String)[pri:0, instance:com.easyserv.testcases.Motoserve.LoginTest@6379eb]" started-at="2024-12-18T09:37:51 ICT" name="takeScreenshot" finished-at="2024-12-18T09:37:52 ICT" duration-ms="1109" status="PASS">
          <params>
            <param index="0">
              <value>
                <![CDATA[[TestResult name=LoginTest_TC013 status=SUCCESS method=LoginTest.LoginTest_TC013(java.lang.String,java.lang.String)[pri:13, instance:com.easyserv.testcases.Motoserve.LoginTest@6379eb] output={null}]]]>
              </value>
            </param>
            <param index="1">
              <value>
                <![CDATA[https://motorserve-booking.siliconstack.com.au/]]>
              </value>
            </param>
          </params>
          <reporter-output>
            <line>
              <![CDATA[Driver for Screenshot: ChromeDriver: chrome on WINDOWS (5bf5cca913ee3715858e97814b8dc5e6)]]>
            </line>
            <line>
              <![CDATA[Screenshot taken current URL: https://motorserve-booking.siliconstack.com.au/login]]>
            </line>
          </reporter-output>
        </test-method> <!-- takeScreenshot -->
        <test-method signature="LoginTest_TC014()[pri:14, instance:com.easyserv.testcases.Motoserve.LoginTest@6379eb]" started-at="2024-12-18T09:37:52 ICT" name="LoginTest_TC014" description="Verify user can click &lt;Sign up&gt; hyperlink on &quot;Login&quot; screen _014" finished-at="2024-12-18T09:37:54 ICT" duration-ms="2360" status="PASS">
          <reporter-output>
          </reporter-output>
        </test-method> <!-- LoginTest_TC014 -->
        <test-method is-config="true" signature="takeScreenshot(org.testng.ITestResult,java.lang.String)[pri:0, instance:com.easyserv.testcases.Motoserve.LoginTest@6379eb]" started-at="2024-12-18T09:37:54 ICT" name="takeScreenshot" finished-at="2024-12-18T09:37:56 ICT" duration-ms="1221" status="PASS">
          <params>
            <param index="0">
              <value>
                <![CDATA[[TestResult name=LoginTest_TC014 status=SUCCESS method=LoginTest.LoginTest_TC014()[pri:14, instance:com.easyserv.testcases.Motoserve.LoginTest@6379eb] output={null}]]]>
              </value>
            </param>
            <param index="1">
              <value>
                <![CDATA[https://motorserve-booking.siliconstack.com.au/]]>
              </value>
            </param>
          </params>
          <reporter-output>
            <line>
              <![CDATA[Driver for Screenshot: ChromeDriver: chrome on WINDOWS (5bf5cca913ee3715858e97814b8dc5e6)]]>
            </line>
            <line>
              <![CDATA[Screenshot taken current URL: https://motorserve-booking.siliconstack.com.au/register]]>
            </line>
          </reporter-output>
        </test-method> <!-- takeScreenshot -->
[...]
            </line>
            <line>
              <![CDATA[Screenshot taken current URL: https://motorserve-booking.siliconstack.com.au/enquiries]]>
            </line>
          </reporter-output>
        </test-method> <!-- takeScreenshot -->
        <test-method signature="EnquiriesTest_TC017(java.lang.String)[pri:17, instance:com.easyserv.testcases.Motoserve.EnquiriesTest@4a94ee4]" started-at="2024-12-18T09:35:50 ICT" name="EnquiriesTest_TC017" description="Verify send &quot;General Enquiries&quot; unsuccess when input invalid data for fields &quot;Phone Number&quot; _017" data-provider="data_PhoneNumber" finished-at="2024-12-18T09:35:52 ICT" duration-ms="1479" status="PASS">
          <params>
            <param index="0">
              <value>
                <![CDATA[abc 5241 ab]]>
              </value>
            </param>
          </params>
          <reporter-output>
          </reporter-output>
        </test-method> <!-- EnquiriesTest_TC017 -->
        <test-method is-config="true" signature="takeScreenshot(org.testng.ITestResult,java.lang.String)[pri:0, instance:com.easyserv.testcases.Motoserve.EnquiriesTest@4a94ee4]" started-at="2024-12-18T09:35:52 ICT" name="takeScreenshot" finished-at="2024-12-18T09:35:53 ICT" duration-ms="1114" status="PASS">
          <params>
            <param index="0">
              <value>
                <![CDATA[[TestResult name=EnquiriesTest_TC017 status=SUCCESS method=EnquiriesTest.EnquiriesTest_TC017(java.lang.String)[pri:17, instance:com.easyserv.testcases.Motoserve.EnquiriesTest@4a94ee4] output={null}]]]>
              </value>
            </param>
            <param index="1">
              <value>
                <![CDATA[https://motorserve-booking.siliconstack.com.au/]]>
              </value>
            </param>
          </params>
          <reporter-output>
            <line>
              <![CDATA[Driver for Screenshot: ChromeDriver: chrome on WINDOWS (5bf5cca913ee3715858e97814b8dc5e6)]]>
            </line>
            <line>
              <![CDATA[Screenshot taken current URL: https://motorserve-booking.siliconstack.com.au/enquiries]]>
            </line>
          </reporter-output>
        </test-method> <!-- takeScreenshot -->
        <test-method signature="EnquiriesTest_TC017(java.lang.String)[pri:17, instance:com.easyserv.testcases.Motoserve.EnquiriesTest@4a94ee4]" started-at="2024-12-18T09:35:53 ICT" name="EnquiriesTest_TC017" description="Verify send &quot;General Enquiries&quot; unsuccess when input invalid data for fields &quot;Phone Number&quot; _017" data-provider="data_PhoneNumber" finished-at="2024-12-18T09:35:55 ICT" duration-ms="1702" status="PASS">
          <params>
            <param index="0">
              <value>
                <![CDATA[123%$ 0 %]]>
              </value>
            </param>
          </params>
          <reporter-output>
          </reporter-output>
        </test-method> <!-- EnquiriesTest_TC017 -->
        <test-method is-config="true" signature="takeScreenshot(org.testng.ITestResult,java.lang.String)[pri:0, instance:com.easyserv.testcases.Motoserve.EnquiriesTest@4a94ee4]" started-at="2024-12-18T09:35:55 ICT" name="takeScreenshot" finished-at="2024-12-18T09:35:57 ICT" duration-ms="1968" status="PASS">
          <params>
            <param index="0">
              <value>
                <![CDATA[[TestResult name=EnquiriesTest_TC017 status=SUCCESS method=EnquiriesTest.EnquiriesTest_TC017(java.lang.String)[pri:17, instance:com.easyserv.testcases.Motoserve.EnquiriesTest@4a94ee4] output={null}]]]>
              </value>
            </param>
            <param index="1">
              <value>
                <![CDATA[https://motorserve-booking.siliconstack.com.au/]]>
              </value>
            </param>
          </params>
          <reporter-output>
            <line>
              <![CDATA[Driver for Screenshot: ChromeDriver: chrome on WINDOWS (5bf5cca913ee3715858e97814b8dc5e6)]]>
            </line>
            <line>
              <![CDATA[Screenshot taken current URL: https://motorserve-booking.siliconstack.com.au/enquiries]]>
            </line>
          </reporter-output>
        </test-method> <!-- takeScreenshot -->
        <test-method signature="EnquiriesTest_TC017(java.lang.String)[pri:17, instance:com.easyserv.testcases.Motoserve.EnquiriesTest@4a94ee4]" started-at="2024-12-18T09:35:57 ICT" name="EnquiriesTest_TC017" description="Verify send &quot;General Enquiries&quot; unsuccess when input invalid data for fields &quot;Phone Number&quot; _017" data-provider="data_PhoneNumber" finished-at="2024-12-18T09:35:59 ICT" duration-ms="1686" status="PASS">
          <params>
            <param index="0">
              <value>
                <![CDATA[123s%$ 0 abc%]]>
              </value>
            </param>
          </params>
          <reporter-output>
          </reporter-output>
        </test-method> <!-- EnquiriesTest_TC017 -->
        <test-method is-config="true" signature="takeScreenshot(org.testng.ITestResult,java.lang.String)[pri:0, instance:com.easyserv.testcases.Motoserve.EnquiriesTest@4a94ee4]" started-at="2024-12-18T09:35:59 ICT" name="takeScreenshot" finished-at="2024-12-18T09:36:00 ICT" duration-ms="1104" status="PASS">
          <params>
            <param index="0">
              <value>
                <![CDATA[[TestResult name=EnquiriesTest_TC017 status=SUCCESS method=EnquiriesTest.EnquiriesTest_TC017(java.lang.String)[pri:17, instance:com.easyserv.testcases.Motoserve.EnquiriesTest@4a94ee4] output={null}]]]>
              </value>
            </param>
            <param index="1">
              <value>
                <![CDATA[https://motorserve-booking.siliconstack.com.au/]]>
              </value>
            </param>
          </params>
          <reporter-output>
            <line>
              <![CDATA[Driver for Screenshot: ChromeDriver: chrome on WINDOWS (5bf5cca913ee3715858e97814b8dc5e6)]]>
            </line>
            <line>
              <![CDATA[Screenshot taken current URL: https://motorserve-booking.siliconstack.com.au/enquiries]]>
            </line>
          </reporter-output>
        </test-method> <!-- takeScreenshot -->
        <test-method signature="EnquiriesTest_TC018(java.lang.String)[pri:18, instance:com.easyserv.testcases.Motoserve.EnquiriesTest@4a94ee4]" started-at="2024-12-18T09:36:00 ICT" name="EnquiriesTest_TC018" description="Verify send &quot;General Enquiries&quot; unsuccess when input invalid data for fields &quot;Postcode&quot; _018" data-provider="data_PostCode" finished-at="2024-12-18T09:36:03 ICT" duration-ms="2746" status="PASS">
          <params>
            <param index="0">
              <value>
                <![CDATA[2 0*]]>
              </value>
            </param>
          </params>
          <reporter-output>
          </reporter-output>
        </test-method> <!-- EnquiriesTest_TC018 -->
        <test-method is-config="true" signature="takeScreenshot(org.testng.ITestResult,java.lang.String)[pri:0, instance:com.easyserv.testcases.Motoserve.EnquiriesTest@4a94ee4]" started-at="2024-12-18T09:36:03 ICT" name="takeScreenshot" finished-at="2024-12-18T09:36:04 ICT" duration-ms="1125" status="PASS">
          <params>
            <param index="0">
              <value>
                <![CDATA[[TestResult name=EnquiriesTest_TC018 status=SUCCESS method=EnquiriesTest.EnquiriesTest_TC018(java.lang.String)[pri:18, instance:com.easyserv.testcases.Motoserve.EnquiriesTest@4a94ee4] output={null}]]]>
              </value>
            </param>
            <param index="1">
              <value>
                <![CDATA[https://motorserve-booking.siliconstack.com.au/]]>
              </value>
            </param>
          </params>
          <reporter-output>
            <line>
              <![CDATA[Driver for Screenshot: ChromeDriver: chrome on WINDOWS (5bf5cca913ee3715858e97814b8dc5e6)]]>
            </line>
            <line>
              <![CDATA[Screenshot taken current URL: https://motorserve-booking.siliconstack.com.au/enquiries]]>
            </line>
          </reporter-output>
        </test-method> <!-- takeScreenshot -->
        <test-method signature="EnquiriesTest_TC018(java.lang.String)[pri:18, instance:com.easyserv.testcases.Motoserve.EnquiriesTest@4a94ee4]" started-at="2024-12-18T09:36:04 ICT" name="EnquiriesTest_TC018" description="Verify send &quot;General Enquiries&quot; unsuccess when input invalid data for fields &quot;Postcode&quot; _018" data-provider="data_PostCode" finished-at="2024-12-18T09:36:07 ICT" duration-ms="2819" status="PASS">
          <params>
            <param index="0">
              <value>
                <![CDATA[2*a1]]>
              </value>
            </param>
          </params>
          <reporter-output>
          </reporter-output>
        </test-method> <!-- EnquiriesTest_TC018 -->
        <test-method is-config="true" signature="takeScreenshot(org.testng.ITestResult,java.lang.String)[pri:0, instance:com.easyserv.testcases.Motoserve.EnquiriesTest@4a94ee4]" started-at="2024-12-18T09:36:07 ICT" name="takeScreenshot" finished-at="2024-12-18T09:36:09 ICT" duration-ms="1180" status="PASS">
          <params>
            <param index="0">
              <value>
                <![CDATA[[TestResult name=EnquiriesTest_TC018 status=SUCCESS method=EnquiriesTest.EnquiriesTest_TC018(java.lang.String)[pri:18, instance:com.easyserv.testcases.Motoserve.EnquiriesTest@4a94ee4] output={null}]]]>
              </value>
            </param>
            <param index="1">
              <value>
                <![CDATA[https://motorserve-booking.siliconstack.com.au/]]>
              </value>
            </param>
          </params>
          <reporter-output>
            <line>
              <![CDATA[Driver for Screenshot: ChromeDriver: chrome on WINDOWS (5bf5cca913ee3715858e97814b8dc5e6)]]>
            </line>
            <line>
              <![CDATA[Screenshot taken current URL: https://motorserve-booking.siliconstack.com.au/enquiries]]>
            </line>
          </reporter-output>
        </test-method> <!-- takeScreenshot -->
        <test-method signature="EnquiriesTest_TC018(java.lang.String)[pri:18, instance:com.easyserv.testcases.Motoserve.EnquiriesTest@4a94ee4]" started-at="2024-12-18T09:36:09 ICT" name="EnquiriesTest_TC018" description="Verify send &quot;General Enquiries&quot; unsuccess when input invalid data for fields &quot;Postcode&quot; _018" data-provider="data_PostCode" finished-at="2024-12-18T09:36:12 ICT" duration-ms="3892" status="PASS">
          <params>
            <param index="0">
              <value>
                <![CDATA[2 *a]]>
              </value>
            </param>
          </params>
          <reporter-output>
          </reporter-output>
        </test-method> <!-- EnquiriesTest_TC018 -->
        <test-method is-config="true" signature="takeScreenshot(org.testng.ITestResult,java.lang.String)[pri:0, instance:com.easyserv.testcases.Motoserve.EnquiriesTest@4a94ee4]" started-at="2024-12-18T09:36:13 ICT" name="takeScreenshot" finished-at="2024-12-18T09:36:14 ICT" duration-ms="1209" status="PASS">
          <params>
            <param index="0">
              <value>
                <![CDATA[[TestResult name=EnquiriesTest_TC018 status=SUCCESS method=EnquiriesTest.EnquiriesTest_TC018(java.lang.String)[pri:18, instance:com.easyserv.testcases.Motoserve.EnquiriesTest@4a94ee4] output={null}]]]>
              </value>
            </param>
            <param index="1">
              <value>
                <![CDATA[https://motorserve-booking.siliconstack.com.au/]]>
              </value>
            </param>
          </params>
          <reporter-output>
            <line>
              <![CDATA[Driver for Screenshot: ChromeDriver: chrome on WINDOWS (5bf5cca913ee3715858e97814b8dc5e6)]]>
            </line>
            <line>
              <![CDATA[Screenshot taken current URL: https://motorserve-booking.siliconstack.com.au/enquiries]]>
            </line>
          </reporter-output>
        </test-method> <!-- takeScreenshot -->
        <test-method signature="EnquiriesTest_TC018(java.lang.String)[pri:18, instance:com.easyserv.testcases.Motoserve.EnquiriesTest@4a94ee4]" started-at="2024-12-18T09:36:14 ICT" name="EnquiriesTest_TC018" description="Verify send &quot;General Enquiries&quot; unsuccess when input invalid data for fields &quot;Postcode&quot; _018" data-provider="data_PostCode" finished-at="2024-12-18T09:36:17 ICT" duration-ms="2739" status="PASS">
          <params>
            <param index="0">
              <value>
                <![CDATA[$21x]]>
              </value>
            </param>
          </params>
          <reporter-output>
          </reporter-output>
        </test-method> <!-- EnquiriesTest_TC018 -->
        <test-method is-config="true" signature="takeScreenshot(org.testng.ITestResult,java.lang.String)[pri:0, instance:com.easyserv.testcases.Motoserve.EnquiriesTest@4a94ee4]" started-at="2024-12-18T09:36:17 ICT" name="takeScreenshot" finished-at="2024-12-18T09:36:18 ICT" duration-ms="1005" status="PASS">
          <params>
            <param index="0">
              <value>
                <![CDATA[[TestResult name=EnquiriesTest_TC018 status=SUCCESS method=EnquiriesTest.EnquiriesTest_TC018(java.lang.String)[pri:18, instance:com.easyserv.testcases.Motoserve.EnquiriesTest@4a94ee4] output={null}]]]>
              </value>
            </param>
            <param index="1">
              <value>
                <![CDATA[https://motorserve-booking.siliconstack.com.au/]]>
              </value>
            </param>
          </params>
          <reporter-output>
            <line>
              <![CDATA[Driver for Screenshot: ChromeDriver: chrome on WINDOWS (5bf5cca913ee3715858e97814b8dc5e6)]]>
            </line>
            <line>
              <![CDATA[Screenshot taken current URL: https://motorserve-booking.siliconstack.com.au/enquiries]]>
            </line>
          </reporter-output>
        </test-method> <!-- takeScreenshot -->
        <test-method signature="EnquiriesTest_TC018(java.lang.String)[pri:18, instance:com.easyserv.testcases.Motoserve.EnquiriesTest@4a94ee4]" started-at="2024-12-18T09:36:18 ICT" name="EnquiriesTest_TC018" description="Verify send &quot;General Enquiries&quot; unsuccess when input invalid data for fields &quot;Postcode&quot; _018" data-provider="data_PostCode" finished-at="2024-12-18T09:36:21 ICT" duration-ms="3216" status="PASS">
          <params>
            <param index="0">
              <value>
                <![CDATA[2 02]]>
              </value>
            </param>
          </params>
          <reporter-output>
          </reporter-output>
        </test-method> <!-- EnquiriesTest_TC018 -->
        <test-method is-config="true" signature="takeScreenshot(org.testng.ITestResult,java.lang.String)[pri:0, instance:com.easyserv.testcases.Motoserve.EnquiriesTest@4a94ee4]" started-at="2024-12-18T09:36:21 ICT" name="takeScreenshot" finished-at="2024-12-18T09:36:23 ICT" duration-ms="1598" status="PASS">
          <params>
            <param index="0">
              <value>
                <![CDATA[[TestResult name=EnquiriesTest_TC018 status=SUCCESS method=EnquiriesTest.EnquiriesTest_TC018(java.lang.String)[pri:18, instance:com.easyserv.testcases.Motoserve.EnquiriesTest@4a94ee4] output={null}]]]>
              </value>
            </param>
            <param index="1">
              <value>
                <![CDATA[https://motorserve-booking.siliconstack.com.au/]]>
              </value>
            </param>
          </params>
          <reporter-output>
            <line>
              <![CDATA[Driver for Screenshot: ChromeDriver: chrome on WINDOWS (5bf5cca913ee3715858e97814b8dc5e6)]]>
            </line>
            <line>
              <![CDATA[Screenshot taken current URL: https://motorserve-booking.siliconstack.com.au/enquiries]]>
            </line>
          </reporter-output>
        </test-method> <!-- takeScreenshot -->
        <test-method signature="EnquiriesTest_TC018(java.lang.String)[pri:18, instance:com.easyserv.testcases.Motoserve.EnquiriesTest@4a94ee4]" started-at="2024-12-18T09:36:23 ICT" name="EnquiriesTest_TC018" description="Verify send &quot;General Enquiries&quot; unsuccess when input invalid data for fields &quot;Postcode&quot; _018" data-provider="data_PostCode" finished-at="2024-12-18T09:36:26 ICT" duration-ms="2778" status="PASS">
          <params>
            <param index="0">
              <value>
                <![CDATA[843+]]>
              </value>
            </param>
          </params>
          <reporter-output>
          </reporter-output>
        </test-method> <!-- EnquiriesTest_TC018 -->
        <test-method is-config="true" signature="takeScreenshot(org.testng.ITestResult,java.lang.String)[pri:0, instance:com.easyserv.testcases.Motoserve.EnquiriesTest@4a94ee4]" started-at="2024-12-18T09:36:26 ICT" name="takeScreenshot" finished-at="2024-12-18T09:36:27 ICT" duration-ms="990" status="PASS">
          <params>
            <param index="0">
              <value>
                <![CDATA[[TestResult name=EnquiriesTest_TC018 status=SUCCESS method=EnquiriesTest.EnquiriesTest_TC018(java.lang.String)[pri:18, instance:com.easyserv.testcases.Motoserve.EnquiriesTest@4a94ee4] output={null}]]]>
              </value>
            </param>
            <param index="1">
              <value>
                <![CDATA[https://motorserve-booking.siliconstack.com.au/]]>
              </value>
            </param>
          </params>
          <reporter-output>
            <line>
              <![CDATA[Driver for Screenshot: ChromeDriver: chrome on WINDOWS (5bf5cca913ee3715858e97814b8dc5e6)]]>
            </line>
            <line>
              <![CDATA[Screenshot taken current URL: https://motorserve-booking.siliconstack.com.au/enquiries]]>
            </line>
          </reporter-output>
        </test-method> <!-- takeScreenshot -->
        <test-method signature="EnquiriesTest_TC019()[pri:19, instance:com.easyserv.testcases.Motoserve.EnquiriesTest@4a94ee4]" started-at="2024-12-18T09:36:27 ICT" name="EnquiriesTest_TC019" description="Verify send &quot;General Enquiries&quot; unsuccess when input data outside the allowed range for field &quot;Phone Number&quot; on &quot;General Enquiries&quot; screen _019" finished-at="2024-12-18T09:36:28 ICT" duration-ms="1692" status="PASS">
          <reporter-output>
          </reporter-output>
        </test-method> <!-- EnquiriesTest_TC019 -->
        <test-method is-config="true" signature="takeScreenshot(org.testng.ITestResult,java.lang.String)[pri:0, instance:com.easyserv.testcases.Motoserve.EnquiriesTest@4a94ee4]" started-at="2024-12-18T09:36:29 ICT" name="takeScreenshot" finished-at="2024-12-18T09:36:30 ICT" duration-ms="1119" status="PASS">
          <params>
            <param index="0">
              <value>
                <![CDATA[[TestResult name=EnquiriesTest_TC019 status=SUCCESS method=EnquiriesTest.EnquiriesTest_TC019()[pri:19, instance:com.easyserv.testcases.Motoserve.EnquiriesTest@4a94ee4] output={null}]]]>
              </value>
            </param>
            <param index="1">
              <value>
                <![CDATA[https://motorserve-booking.siliconstack.com.au/]]>
              </value>
            </param>
          </params>
          <reporter-output>
            <line>
              <![CDATA[Driver for Screenshot: ChromeDriver: chrome on WINDOWS (5bf5cca913ee3715858e97814b8dc5e6)]]>
            </line>
            <line>
              <![CDATA[Screenshot taken current URL: https://motorserve-booking.siliconstack.com.au/enquiries]]>
            </line>
          </reporter-output>
        </test-method> <!-- takeScreenshot -->
      </class> <!-- com.easyserv.testcases.Motoserve.EnquiriesTest -->
    </test> <!-- Test_Suite_Motoserve_UAT -->
  </suite> <!-- Report_Testing_EasyEngine -->
</testng-results>
